#
# A fatal error has been detected by the Java Runtime Environment:
#
#  SIGSEGV (0xb) at pc=0x00000001103387f4, pid=5609, tid=16899
#
# JRE version: Java(TM) SE Runtime Environment (7.0_79-b15) (build 1.7.0_79-b15)
# Java VM: Java HotSpot(TM) 64-Bit Server VM (24.79-b02 mixed mode bsd-amd64 compressed oops)
# Problematic frame:
# V  [libjvm.dylib+0x3387f4]  jvmti_IsMethodSynthetic+0xb9
#
# Failed to write core dump. Core dumps have been disabled. To enable core dumping, try "ulimit -c unlimited" before starting Java again
#
# If you would like to submit a bug report, please visit:
#   http://bugreport.java.com/bugreport/crash.jsp
#

---------------  T H R E A D  ---------------

Current thread (0x00007ff77d023000):  JavaThread "JDWP Transport Listener: dt_socket" daemon [_thread_in_vm, id=16899, stack(0x0000700000ab8000,0x0000700000bb8000)]

siginfo:si_signo=SIGSEGV: si_errno=0, si_code=0 (SEGV0), si_addr=0x0000000000000000

Registers:
RAX=0x0000000000000001, RBX=0x0000700000bb7a8b, RCX=0x00000000001f8100, RDX=0x0000700000bb7a8b
RSP=0x0000700000bb79f0, RBP=0x0000700000bb7a40, RSI=0x00007ff77d023000, RDI=0x00007ff77bf00230
R8 =0x0000000000000000, R9 =0x00007ff77e3c4da0, R10=0x000000002ae9bca1, R11=0x00007ff77e300000
R12=0x00007ff77d023000, R13=0x76616a4c3b746365, R14=0x76616a4c3b746365, R15=0x00007ff77bf00230
RIP=0x00000001103387f4, EFLAGS=0x0000000000010206, ERR=0x0000000000000000
  TRAPNO=0x000000000000000d

Top of Stack: (sp=0x0000700000bb79f0)
0x0000700000bb79f0:   00007ff77d023000 0000000000000000
0x0000700000bb7a00:   0000000000000000 0000000000000000
0x0000700000bb7a10:   00007ff77d023000 00007ff77d023000
0x0000700000bb7a20:   0000700000bb7a8b 0000700000bb7a90
0x0000700000bb7a30:   76616a4c3b746365 0000000000000007
0x0000700000bb7a40:   0000700000bb7a60 0000000110ab31a8
0x0000700000bb7a50:   0000000000000001 0000700000bb7b08
0x0000700000bb7a60:   0000700000bb7ad0 0000000110a97fbb
0x0000700000bb7a70:   0000700000bb7aa0 00007ff77e3c5180
0x0000700000bb7a80:   0000000800000032 0000000200bb7b08
0x0000700000bb7a90:   0000000000000000 0000000000000000
0x0000700000bb7aa0:   0000000000000000 0000700000bb7c90
0x0000700000bb7ab0:   0000000110abadc2 00007ff77be68c90
0x0000700000bb7ac0:   0000700000bb7b08 0000000110ac6588
0x0000700000bb7ad0:   0000700000bb7ae0 0000000110a980b4
0x0000700000bb7ae0:   0000700000bb7d00 0000000110aa1642
0x0000700000bb7af0:   000002bc00000013 00000000000f0200
0x0000700000bb7b00:   00007ff77be6dcc0 00007ff77e3c5614
0x0000700000bb7b10:   00007ff7000001e4 00007ff77e3bf9c0
0x0000700000bb7b20:   000000000000012c 0000700000bb7b58
0x0000700000bb7b30:   00007ff77e3bf9c0 0000000000000000
0x0000700000bb7b40:   000002bc0000002b 00007fff0000d380
0x0000700000bb7b50:   0000700000bb7b58 f77f000008000000
0x0000700000bb7b60:   04000000305fc27b 17000000746f6c70
0x0000700000bb7b70:   6f43646e616c4c28 646972472f726576
0x0000700000bb7b80:   0056293b61746144 0001000000000000
0x0000700000bb7b90:   00105fc27bf77f00 006e69616d040000
0x0000700000bb7ba0:   616a4c5b28160000 2f676e616c2f6176
0x0000700000bb7bb0:   293b676e69727453 0000000000000056
0x0000700000bb7bc0:   e7d67bf77f000001 6572700a00000038
0x0000700000bb7bd0:   0031246572757373 7571734c28190000
0x0000700000bb7be0:   6170732f73746e61 74676e654c2f6563 

Instructions: (pc=0x00000001103387f4)
0x00000001103387d4:   00 00 00 41 f6 87 68 01 00 00 10 75 07 b8 63 00
0x00000001103387e4:   00 00 eb 7a 4d 85 f6 75 07 b8 17 00 00 00 eb 6e
0x00000001103387f4:   4d 8b 36 48 b8 fe fe fe fe fe fe fe fe 49 39 c6
0x0000000110338804:   74 e7 4d 85 f6 74 e2 48 8d 05 fe 6b 4d 00 80 38 

Register to memory mapping:

RAX=0x0000000000000001 is an unknown value
RBX=0x0000700000bb7a8b is pointing into the stack for thread: 0x00007ff77d023000
RCX=0x00000000001f8100 is an unknown value
RDX=0x0000700000bb7a8b is pointing into the stack for thread: 0x00007ff77d023000
RSP=0x0000700000bb79f0 is pointing into the stack for thread: 0x00007ff77d023000
RBP=0x0000700000bb7a40 is pointing into the stack for thread: 0x00007ff77d023000
RSI=0x00007ff77d023000 is a thread
RDI=0x00007ff77bf00230 is an unknown value
R8 =0x0000000000000000 is an unknown value
R9 =0x00007ff77e3c4da0 is an unknown value
R10=0x000000002ae9bca1 is an unknown value
R11=0x00007ff77e300000 is an unknown value
R12=0x00007ff77d023000 is a thread
R13=0x76616a4c3b746365 is an unknown value
R14=0x76616a4c3b746365 is an unknown value
R15=0x00007ff77bf00230 is an unknown value


Stack: [0x0000700000ab8000,0x0000700000bb8000],  sp=0x0000700000bb79f0,  free space=1022k
Native frames: (J=compiled Java code, j=interpreted, Vv=VM code, C=native code)
V  [libjvm.dylib+0x3387f4]  jvmti_IsMethodSynthetic+0xb9
C  [libjdwp.dylib+0x201a8]  isMethodSynthetic+0x63
C  [libjdwp.dylib+0x4fbb]  methods1+0x10b
C  [libjdwp.dylib+0x50b4]  methodsWithGeneric+0xe
C  [libjdwp.dylib+0xe642]  debugLoop_run+0x1ce
C  [libjdwp.dylib+0x1f0e2]  attachThread+0x4d
V  [libjvm.dylib+0x37945a]  JvmtiAgentThread::call_start_function()+0x38
V  [libjvm.dylib+0x4f759d]  JavaThread::thread_main_inner()+0x9b
V  [libjvm.dylib+0x4f8ca5]  JavaThread::run()+0x1a3
V  [libjvm.dylib+0x421c4e]  java_start(Thread*)+0x126
C  [libsystem_pthread.dylib+0x3c13]  _pthread_body+0x83
C  [libsystem_pthread.dylib+0x3b90]  _pthread_body+0x0
C  [libsystem_pthread.dylib+0x1375]  thread_start+0xd


---------------  P R O C E S S  ---------------

Java Threads: ( => current thread )
  0x00007ff77dbe8800 JavaThread "AWT-EventQueue-0" [_thread_blocked, id=59655, stack(0x00007000017e8000,0x00007000018e8000)]
  0x00007ff77db04000 JavaThread "Java2D Disposer" daemon [_thread_blocked, id=54275, stack(0x0000700001662000,0x0000700001762000)]
  0x00007ff77da8b000 JavaThread "Java2D Queue Flusher" daemon [_thread_blocked, id=50695, stack(0x000070000155f000,0x000070000165f000)]
  0x00007ff77c8e4000 JavaThread "AWT-Shutdown" [_thread_blocked, id=30987, stack(0x0000700001356000,0x0000700001456000)]
  0x00007ff77d033800 JavaThread "AppKit Thread" daemon [_thread_in_native, id=2571, stack(0x00007fff4fe99000,0x00007fff50699000)]
  0x00007ff77d810000 JavaThread "Service Thread" daemon [_thread_blocked, id=19459, stack(0x0000700000fc7000,0x00007000010c7000)]
  0x00007ff77c076000 JavaThread "C2 CompilerThread1" daemon [_thread_blocked, id=18947, stack(0x0000700000ec4000,0x0000700000fc4000)]
  0x00007ff77c073800 JavaThread "C2 CompilerThread0" daemon [_thread_blocked, id=18435, stack(0x0000700000dc1000,0x0000700000ec1000)]
  0x00007ff77c816000 JavaThread "JDWP Command Reader" daemon [_thread_in_native, id=17923, stack(0x0000700000cbe000,0x0000700000dbe000)]
  0x00007ff77c074800 JavaThread "JDWP Event Helper Thread" daemon [_thread_blocked, id=17411, stack(0x0000700000bbb000,0x0000700000cbb000)]
=>0x00007ff77d023000 JavaThread "JDWP Transport Listener: dt_socket" daemon [_thread_in_vm, id=16899, stack(0x0000700000ab8000,0x0000700000bb8000)]
  0x00007ff77c005000 JavaThread "Signal Dispatcher" daemon [_thread_blocked, id=13839, stack(0x00007000009b5000,0x0000700000ab5000)]
  0x00007ff77d01c000 JavaThread "Finalizer" daemon [_thread_blocked, id=12291, stack(0x000070000082f000,0x000070000092f000)]
  0x00007ff77c05f000 JavaThread "Reference Handler" daemon [_thread_blocked, id=11779, stack(0x000070000072c000,0x000070000082c000)]
  0x00007ff77c00d000 JavaThread "main" [_thread_blocked, id=5891, stack(0x000070000011a000,0x000070000021a000)]

Other Threads:
  0x00007ff77c05c800 VMThread [stack: 0x0000700000629000,0x0000700000729000] [id=11267]
  0x00007ff77c814000 WatcherThread [stack: 0x00007000010ca000,0x00007000011ca000] [id=19971]

VM state:not at safepoint (normal execution)

VM Mutex/Monitor currently owned by a thread: None

Heap
 PSYoungGen      total 38912K, used 10928K [0x00000007d5500000, 0x00000007d8000000, 0x0000000800000000)
  eden space 33792K, 17% used [0x00000007d5500000,0x00000007d5aaecc8,0x00000007d7600000)
  from space 5120K, 99% used [0x00000007d7600000,0x00000007d7afd6d8,0x00000007d7b00000)
  to   space 5120K, 0% used [0x00000007d7b00000,0x00000007d7b00000,0x00000007d8000000)
 ParOldGen       total 87040K, used 1209K [0x0000000780000000, 0x0000000785500000, 0x00000007d5500000)
  object space 87040K, 1% used [0x0000000780000000,0x000000078012e590,0x0000000785500000)
 PSPermGen       total 21504K, used 15017K [0x000000077ae00000, 0x000000077c300000, 0x0000000780000000)
  object space 21504K, 69% used [0x000000077ae00000,0x000000077bcaa7f0,0x000000077c300000)

Card table byte_map: [0x0000000113ba1000,0x0000000113fcb000] byte_map_base: 0x000000010ffca000

Polling page: 0x000000010f7f3000

Code Cache  [0x0000000110ae1000, 0x0000000110d51000, 0x0000000113ae1000)
 total_blobs=833 nmethods=338 adapters=457 free_code_cache=47725Kb largest_free_block=48805824

Compilation events (10 events):
Event: 6.717 Thread 0x00007ff77c073800 nmethod 339 0x0000000110c21210 code [0x0000000110c21360, 0x0000000110c21518]
Event: 6.717 Thread 0x00007ff77c073800  340             org.jfree.chart.renderer.AbstractRenderer::getDefaultEntityRadius (5 bytes)
Event: 6.717 Thread 0x00007ff77c073800 nmethod 340 0x0000000110b50990 code [0x0000000110b50ac0, 0x0000000110b50b18]
Event: 6.717 Thread 0x00007ff77c073800  341             org.jfree.chart.renderer.xy.AbstractXYItemRenderer::getToolTipGenerator (40 bytes)
Event: 6.721 Thread 0x00007ff77c073800 nmethod 341 0x0000000110b4b750 code [0x0000000110b4b8e0, 0x0000000110b4be18]
Event: 6.721 Thread 0x00007ff77c073800  342             org.jfree.chart.renderer.xy.AbstractXYItemRenderer::getURLGenerator (5 bytes)
Event: 6.722 Thread 0x00007ff77c073800 nmethod 342 0x0000000110b50150 code [0x0000000110b50280, 0x0000000110b502f8]
Event: 6.722 Thread 0x00007ff77c073800  343             org.jfree.chart.entity.XYItemEntity::<init> (26 bytes)
Event: 6.722 Thread 0x00007ff77c073800 nmethod 343 0x0000000110b4b410 code [0x0000000110b4b540, 0x0000000110b4b618]
Event: 6.728 Thread 0x00007ff77c076000 nmethod 337 0x0000000110c342d0 code [0x0000000110c34540, 0x0000000110c35888]

GC Heap History (2 events):
Event: 6.317 GC heap before
{Heap before GC invocations=1 (full 0):
 PSYoungGen      total 38912K, used 33480K [0x00000007d5500000, 0x00000007d8000000, 0x0000000800000000)
  eden space 33792K, 99% used [0x00000007d5500000,0x00000007d75b2198,0x00000007d7600000)
  from space 5120K, 0% used [0x00000007d7b00000,0x00000007d7b00000,0x00000007d8000000)
  to   space 5120K, 0% used [0x00000007d7600000,0x00000007d7600000,0x00000007d7b00000)
 ParOldGen       total 87040K, used 0K [0x0000000780000000, 0x0000000785500000, 0x00000007d5500000)
  object space 87040K, 0% used [0x0000000780000000,0x0000000780000000,0x0000000785500000)
 PSPermGen       total 21504K, used 14779K [0x000000077ae00000, 0x000000077c300000, 0x0000000780000000)
  object space 21504K, 68% used [0x000000077ae00000,0x000000077bc6eca0,0x000000077c300000)
Event: 6.330 GC heap after
Heap after GC invocations=1 (full 0):
 PSYoungGen      total 38912K, used 5109K [0x00000007d5500000, 0x00000007d8000000, 0x0000000800000000)
  eden space 33792K, 0% used [0x00000007d5500000,0x00000007d5500000,0x00000007d7600000)
  from space 5120K, 99% used [0x00000007d7600000,0x00000007d7afd6d8,0x00000007d7b00000)
  to   space 5120K, 0% used [0x00000007d7b00000,0x00000007d7b00000,0x00000007d8000000)
 ParOldGen       total 87040K, used 1209K [0x0000000780000000, 0x0000000785500000, 0x00000007d5500000)
  object space 87040K, 1% used [0x0000000780000000,0x000000078012e590,0x0000000785500000)
 PSPermGen       total 21504K, used 14779K [0x000000077ae00000, 0x000000077c300000, 0x0000000780000000)
  object space 21504K, 68% used [0x000000077ae00000,0x000000077bc6eca0,0x000000077c300000)
}

Deoptimization events (10 events):
Event: 6.373 Thread 0x00007ff77dbe8800 Uncommon trap: reason=class_check action=maybe_recompile pc=0x0000000110bba9c4 method=java.awt.geom.RectangularShape.getMaxX()D @ 1
Event: 6.373 Thread 0x00007ff77dbe8800 Uncommon trap: reason=class_check action=maybe_recompile pc=0x0000000110bba9c4 method=java.awt.geom.RectangularShape.getMaxX()D @ 1
Event: 6.373 Thread 0x00007ff77dbe8800 Uncommon trap: reason=class_check action=maybe_recompile pc=0x0000000110bba9c4 method=java.awt.geom.RectangularShape.getMaxX()D @ 1
Event: 6.373 Thread 0x00007ff77dbe8800 Uncommon trap: reason=class_check action=maybe_recompile pc=0x0000000110bba9c4 method=java.awt.geom.RectangularShape.getMaxX()D @ 1
Event: 6.374 Thread 0x00007ff77dbe8800 Uncommon trap: reason=class_check action=maybe_recompile pc=0x0000000110bc7638 method=java.awt.geom.RectangularShape.getMinX()D @ 1
Event: 6.374 Thread 0x00007ff77dbe8800 Uncommon trap: reason=class_check action=maybe_recompile pc=0x0000000110bbf838 method=java.awt.geom.RectangularShape.getMinY()D @ 1
Event: 6.377 Thread 0x00007ff77dbe8800 Uncommon trap: reason=unreached action=reinterpret pc=0x0000000110bd2d78 method=java.awt.BasicStroke.getDashArray()[F @ 4
Event: 6.378 Thread 0x00007ff77dbe8800 Uncommon trap: reason=unreached action=reinterpret pc=0x0000000110bc1a54 method=java.awt.BasicStroke.getDashArray()[F @ 4
Event: 6.452 Thread 0x00007ff77dbe8800 Uncommon trap: reason=unreached action=reinterpret pc=0x0000000110be288c method=org.jfree.chart.renderer.xy.XYLineAndShapeRenderer.drawItem(Ljava/awt/Graphics2D;Lorg/jfree/chart/renderer/xy/XYItemRendererState;Ljava/awt/geom/Rectangle2D;Lorg/jfree/chart/p
Event: 6.452 Thread 0x00007ff77dbe8800 Uncommon trap: reason=unreached action=reinterpret pc=0x0000000110c02b10 method=org.jfree.chart.renderer.xy.XYLineAndShapeRenderer.drawSecondaryPass(Ljava/awt/Graphics2D;Lorg/jfree/chart/plot/XYPlot;Lorg/jfree/data/xy/XYDataset;IIILorg/jfree/chart/axis/Va

Internal exceptions (10 events):
Event: 6.187 Thread 0x00007ff77c00d000 Threw 0x00000007d740cb88 at /HUDSON/workspace/7u-2-build-macosx-x86_64/jdk7u79/2331/hotspot/src/share/vm/prims/jvm.cpp:1304
Event: 6.188 Thread 0x00007ff77c00d000 Threw 0x00000007d74141f0 at /HUDSON/workspace/7u-2-build-macosx-x86_64/jdk7u79/2331/hotspot/src/share/vm/prims/jvm.cpp:1304
Event: 6.197 Thread 0x00007ff77c00d000 Threw 0x00000007d742d1b0 at /HUDSON/workspace/7u-2-build-macosx-x86_64/jdk7u79/2331/hotspot/src/share/vm/prims/jvm.cpp:1304
Event: 6.209 Thread 0x00007ff77c00d000 Implicit null exception at 0x0000000110bb8a36 to 0x0000000110bb8c0d
Event: 6.221 Thread 0x00007ff77c00d000 Threw 0x00000007d7448540 at /HUDSON/workspace/7u-2-build-macosx-x86_64/jdk7u79/2331/hotspot/src/share/vm/prims/jvm.cpp:1304
Event: 6.221 Thread 0x00007ff77c00d000 Threw 0x00000007d744cc58 at /HUDSON/workspace/7u-2-build-macosx-x86_64/jdk7u79/2331/hotspot/src/share/vm/prims/jvm.cpp:1304
Event: 6.221 Thread 0x00007ff77c00d000 Threw 0x00000007d744def8 at /HUDSON/workspace/7u-2-build-macosx-x86_64/jdk7u79/2331/hotspot/src/share/vm/prims/jvm.cpp:1304
Event: 6.222 Thread 0x00007ff77c00d000 Threw 0x00000007d7451ab8 at /HUDSON/workspace/7u-2-build-macosx-x86_64/jdk7u79/2331/hotspot/src/share/vm/prims/jvm.cpp:1304
Event: 6.228 Thread 0x00007ff77c00d000 Threw 0x00000007d746b038 at /HUDSON/workspace/7u-2-build-macosx-x86_64/jdk7u79/2331/hotspot/src/share/vm/prims/jvm.cpp:1304
Event: 6.233 Thread 0x00007ff77c00d000 Implicit null exception at 0x0000000110bb41b6 to 0x0000000110bb463d

Events (10 events):
Event: 70.857 Executing VM operation: GetCurrentLocation
Event: 70.857 Executing VM operation: GetCurrentLocation done
Event: 70.857 Executing VM operation: EnterInterpOnlyMode
Event: 70.857 Executing VM operation: EnterInterpOnlyMode done
Event: 70.857 Executing VM operation: ChangeSingleStep
Event: 70.857 Executing VM operation: ChangeSingleStep done
Event: 70.857 Executing VM operation: ChangeSingleStep
Event: 70.857 Executing VM operation: ChangeSingleStep done
Event: 70.875 Executing VM operation: RedefineClasses
Event: 70.881 Executing VM operation: RedefineClasses done


Dynamic libraries:
0x0000000005c17000 	/System/Library/Frameworks/Cocoa.framework/Versions/A/Cocoa
0x0000000005c17000 	/System/Library/Frameworks/Security.framework/Versions/A/Security
0x0000000005c17000 	/System/Library/Frameworks/ApplicationServices.framework/Versions/A/ApplicationServices
0x0000000005c17000 	/usr/lib/libz.1.dylib
0x0000000005c17000 	/usr/lib/libSystem.B.dylib
0x0000000005c17000 	/usr/lib/libobjc.A.dylib
0x0000000005c17000 	/System/Library/Frameworks/CoreFoundation.framework/Versions/A/CoreFoundation
0x0000000005c17000 	/System/Library/Frameworks/Foundation.framework/Versions/C/Foundation
0x0000000005c17000 	/System/Library/Frameworks/AppKit.framework/Versions/C/AppKit
0x0000000005c17000 	/System/Library/Frameworks/CoreData.framework/Versions/A/CoreData
0x0000000005c17000 	/System/Library/PrivateFrameworks/RemoteViewServices.framework/Versions/A/RemoteViewServices
0x0000000005c17000 	/System/Library/PrivateFrameworks/UIFoundation.framework/Versions/A/UIFoundation
0x0000000005c17000 	/usr/lib/libScreenReader.dylib
0x0000000005c17000 	/System/Library/Frameworks/Accelerate.framework/Versions/A/Accelerate
0x0000000005c17000 	/System/Library/Frameworks/IOSurface.framework/Versions/A/IOSurface
0x0000000005c17000 	/System/Library/Frameworks/AudioToolbox.framework/Versions/A/AudioToolbox
0x0000000005c17000 	/System/Library/Frameworks/AudioUnit.framework/Versions/A/AudioUnit
0x0000000005c17000 	/System/Library/PrivateFrameworks/DataDetectorsCore.framework/Versions/A/DataDetectorsCore
0x0000000005c17000 	/System/Library/PrivateFrameworks/DesktopServicesPriv.framework/Versions/A/DesktopServicesPriv
0x0000000005c17000 	/System/Library/Frameworks/Carbon.framework/Versions/A/Frameworks/HIToolbox.framework/Versions/A/HIToolbox
0x0000000005c17000 	/System/Library/Frameworks/QuartzCore.framework/Versions/A/QuartzCore
0x0000000005c17000 	/System/Library/Frameworks/Carbon.framework/Versions/A/Frameworks/SpeechRecognition.framework/Versions/A/SpeechRecognition
0x0000000005c17000 	/usr/lib/libauto.dylib
0x0000000005c17000 	/usr/lib/libicucore.A.dylib
0x0000000005c17000 	/usr/lib/libxml2.2.dylib
0x0000000005c17000 	/System/Library/PrivateFrameworks/CoreUI.framework/Versions/A/CoreUI
0x0000000005c17000 	/System/Library/Frameworks/CoreAudio.framework/Versions/A/CoreAudio
0x0000000005c17000 	/System/Library/Frameworks/DiskArbitration.framework/Versions/A/DiskArbitration
0x0000000005c17000 	/usr/lib/liblangid.dylib
0x0000000005c17000 	/System/Library/PrivateFrameworks/MultitouchSupport.framework/Versions/A/MultitouchSupport
0x0000000005c17000 	/System/Library/Frameworks/IOKit.framework/Versions/A/IOKit
0x0000000005c17000 	/usr/lib/libDiagnosticMessagesClient.dylib
0x0000000005c17000 	/System/Library/Frameworks/CoreServices.framework/Versions/A/CoreServices
0x0000000005c17000 	/System/Library/PrivateFrameworks/PerformanceAnalysis.framework/Versions/A/PerformanceAnalysis
0x0000000005c17000 	/System/Library/PrivateFrameworks/GenerationalStorage.framework/Versions/A/GenerationalStorage
0x0000000005c17000 	/System/Library/Frameworks/OpenGL.framework/Versions/A/OpenGL
0x0000000005c17000 	/System/Library/PrivateFrameworks/Sharing.framework/Versions/A/Sharing
0x0000000005c17000 	/System/Library/Frameworks/CoreGraphics.framework/Versions/A/CoreGraphics
0x0000000005c17000 	/System/Library/Frameworks/CoreImage.framework/Versions/A/CoreImage
0x0000000005c17000 	/System/Library/Frameworks/CoreText.framework/Versions/A/CoreText
0x0000000005c17000 	/System/Library/Frameworks/ImageIO.framework/Versions/A/ImageIO
0x0000000005c17000 	/System/Library/PrivateFrameworks/Backup.framework/Versions/A/Backup
0x0000000005c17000 	/usr/lib/libextension.dylib
0x0000000005c17000 	/usr/lib/libarchive.2.dylib
0x0000000005c17000 	/System/Library/Frameworks/CFNetwork.framework/Versions/A/CFNetwork
0x0000000005c17000 	/System/Library/Frameworks/SystemConfiguration.framework/Versions/A/SystemConfiguration
0x0000000005c17000 	/usr/lib/libCRFSuite.dylib
0x0000000005c17000 	/usr/lib/libc++.1.dylib
0x0000000005c17000 	/usr/lib/libc++abi.dylib
0x0000000005c17000 	/usr/lib/system/libcache.dylib
0x0000000005c17000 	/usr/lib/system/libcommonCrypto.dylib
0x0000000005c17000 	/usr/lib/system/libcompiler_rt.dylib
0x0000000005c17000 	/usr/lib/system/libcopyfile.dylib
0x0000000005c17000 	/usr/lib/system/libcorecrypto.dylib
0x0000000005c17000 	/usr/lib/system/libdispatch.dylib
0x0000000005c17000 	/usr/lib/system/libdyld.dylib
0x0000000005c17000 	/usr/lib/system/libkeymgr.dylib
0x0000000005c17000 	/usr/lib/system/liblaunch.dylib
0x0000000005c17000 	/usr/lib/system/libmacho.dylib
0x0000000005c17000 	/usr/lib/system/libquarantine.dylib
0x0000000005c17000 	/usr/lib/system/libremovefile.dylib
0x0000000005c17000 	/usr/lib/system/libsystem_asl.dylib
0x0000000005c17000 	/usr/lib/system/libsystem_blocks.dylib
0x0000000005c17000 	/usr/lib/system/libsystem_c.dylib
0x0000000005c17000 	/usr/lib/system/libsystem_configuration.dylib
0x0000000005c17000 	/usr/lib/system/libsystem_coreservices.dylib
0x0000000005c17000 	/usr/lib/system/libsystem_coretls.dylib
0x0000000005c17000 	/usr/lib/system/libsystem_dnssd.dylib
0x0000000005c17000 	/usr/lib/system/libsystem_info.dylib
0x0000000005c17000 	/usr/lib/system/libsystem_kernel.dylib
0x0000000005c17000 	/usr/lib/system/libsystem_m.dylib
0x0000000005c17000 	/usr/lib/system/libsystem_malloc.dylib
0x0000000005c17000 	/usr/lib/system/libsystem_network.dylib
0x0000000005c17000 	/usr/lib/system/libsystem_networkextension.dylib
0x0000000005c17000 	/usr/lib/system/libsystem_notify.dylib
0x0000000005c17000 	/usr/lib/system/libsystem_platform.dylib
0x0000000005c17000 	/usr/lib/system/libsystem_pthread.dylib
0x0000000005c17000 	/usr/lib/system/libsystem_sandbox.dylib
0x0000000005c17000 	/usr/lib/system/libsystem_secinit.dylib
0x0000000005c17000 	/usr/lib/system/libsystem_trace.dylib
0x0000000005c17000 	/usr/lib/system/libunc.dylib
0x0000000005c17000 	/usr/lib/system/libunwind.dylib
0x0000000005c17000 	/usr/lib/system/libxpc.dylib
0x0000000005c17000 	/usr/lib/libenergytrace.dylib
0x0000000005c17000 	/usr/lib/libbsm.0.dylib
0x0000000005c17000 	/usr/lib/system/libkxld.dylib
0x0000000005c17000 	/usr/lib/libxar.1.dylib
0x0000000005c17000 	/usr/lib/libsqlite3.dylib
0x0000000005c17000 	/usr/lib/libpam.2.dylib
0x0000000005c17000 	/usr/lib/libOpenScriptingUtil.dylib
0x0000000005c17000 	/usr/lib/libbz2.1.0.dylib
0x0000000005c17000 	/usr/lib/liblzma.5.dylib
0x0000000005c17000 	/System/Library/Frameworks/CoreServices.framework/Versions/A/Frameworks/FSEvents.framework/Versions/A/FSEvents
0x0000000005c17000 	/System/Library/Frameworks/CoreServices.framework/Versions/A/Frameworks/CarbonCore.framework/Versions/A/CarbonCore
0x0000000005c17000 	/System/Library/Frameworks/CoreServices.framework/Versions/A/Frameworks/Metadata.framework/Versions/A/Metadata
0x0000000005c17000 	/System/Library/Frameworks/CoreServices.framework/Versions/A/Frameworks/OSServices.framework/Versions/A/OSServices
0x0000000005c17000 	/System/Library/Frameworks/CoreServices.framework/Versions/A/Frameworks/SearchKit.framework/Versions/A/SearchKit
0x0000000005c17000 	/System/Library/Frameworks/CoreServices.framework/Versions/A/Frameworks/AE.framework/Versions/A/AE
0x0000000005c17000 	/System/Library/Frameworks/CoreServices.framework/Versions/A/Frameworks/LaunchServices.framework/Versions/A/LaunchServices
0x0000000005c17000 	/System/Library/Frameworks/CoreServices.framework/Versions/A/Frameworks/DictionaryServices.framework/Versions/A/DictionaryServices
0x0000000005c17000 	/System/Library/Frameworks/CoreServices.framework/Versions/A/Frameworks/SharedFileList.framework/Versions/A/SharedFileList
0x0000000005c17000 	/System/Library/Frameworks/NetFS.framework/Versions/A/NetFS
0x0000000005c17000 	/System/Library/PrivateFrameworks/NetAuth.framework/Versions/A/NetAuth
0x0000000005c17000 	/System/Library/PrivateFrameworks/login.framework/Versions/A/Frameworks/loginsupport.framework/Versions/A/loginsupport
0x0000000005c17000 	/System/Library/PrivateFrameworks/TCC.framework/Versions/A/TCC
0x0000000005c17000 	/usr/lib/libmecabra.dylib
0x0000000005c17000 	/System/Library/Frameworks/ApplicationServices.framework/Versions/A/Frameworks/ATS.framework/Versions/A/ATS
0x0000000005c17000 	/System/Library/Frameworks/ApplicationServices.framework/Versions/A/Frameworks/ColorSync.framework/Versions/A/ColorSync
0x0000000005c17000 	/System/Library/Frameworks/ApplicationServices.framework/Versions/A/Frameworks/HIServices.framework/Versions/A/HIServices
0x0000000005c17000 	/System/Library/Frameworks/ApplicationServices.framework/Versions/A/Frameworks/LangAnalysis.framework/Versions/A/LangAnalysis
0x0000000005c17000 	/System/Library/Frameworks/ApplicationServices.framework/Versions/A/Frameworks/PrintCore.framework/Versions/A/PrintCore
0x0000000005c17000 	/System/Library/Frameworks/ApplicationServices.framework/Versions/A/Frameworks/QD.framework/Versions/A/QD
0x0000000005c17000 	/System/Library/Frameworks/ApplicationServices.framework/Versions/A/Frameworks/SpeechSynthesis.framework/Versions/A/SpeechSynthesis
0x0000000005c17000 	/System/Library/Frameworks/Metal.framework/Versions/A/Metal
0x0000000005c17000 	/System/Library/Frameworks/Accelerate.framework/Versions/A/Frameworks/vImage.framework/Versions/A/vImage
0x0000000005c17000 	/System/Library/Frameworks/Accelerate.framework/Versions/A/Frameworks/vecLib.framework/Versions/A/vecLib
0x0000000005c17000 	/System/Library/Frameworks/Accelerate.framework/Versions/A/Frameworks/vecLib.framework/Versions/A/libvDSP.dylib
0x0000000005c17000 	/System/Library/Frameworks/Accelerate.framework/Versions/A/Frameworks/vecLib.framework/Versions/A/libvMisc.dylib
0x0000000005c17000 	/System/Library/Frameworks/Accelerate.framework/Versions/A/Frameworks/vecLib.framework/Versions/A/libLAPACK.dylib
0x0000000005c17000 	/System/Library/Frameworks/Accelerate.framework/Versions/A/Frameworks/vecLib.framework/Versions/A/libBLAS.dylib
0x0000000005c17000 	/System/Library/Frameworks/Accelerate.framework/Versions/A/Frameworks/vecLib.framework/Versions/A/libLinearAlgebra.dylib
0x0000000005c17000 	/System/Library/Frameworks/Accelerate.framework/Versions/A/Frameworks/vecLib.framework/Versions/A/libSparseBLAS.dylib
0x0000000005c17000 	/System/Library/PrivateFrameworks/GPUCompiler.framework/libmetal_timestamp.dylib
0x0000000005c17000 	/System/Library/Frameworks/OpenGL.framework/Versions/A/Libraries/libCoreFSCache.dylib
0x0000000005c17000 	/System/Library/PrivateFrameworks/IOAccelerator.framework/Versions/A/IOAccelerator
0x0000000005c17000 	/System/Library/Frameworks/ApplicationServices.framework/Versions/A/Frameworks/ATS.framework/Versions/A/Resources/libFontParser.dylib
0x0000000005c17000 	/System/Library/Frameworks/ApplicationServices.framework/Versions/A/Frameworks/ATS.framework/Versions/A/Resources/libFontRegistry.dylib
0x0000000005c17000 	/System/Library/PrivateFrameworks/AppleVPA.framework/Versions/A/AppleVPA
0x0000000005c17000 	/System/Library/PrivateFrameworks/AppleJPEG.framework/Versions/A/AppleJPEG
0x0000000005c17000 	/System/Library/Frameworks/ImageIO.framework/Versions/A/Resources/libJPEG.dylib
0x0000000005c17000 	/System/Library/Frameworks/ImageIO.framework/Versions/A/Resources/libTIFF.dylib
0x0000000005c17000 	/System/Library/Frameworks/ImageIO.framework/Versions/A/Resources/libPng.dylib
0x0000000005c17000 	/System/Library/Frameworks/ImageIO.framework/Versions/A/Resources/libGIF.dylib
0x0000000005c17000 	/System/Library/Frameworks/ImageIO.framework/Versions/A/Resources/libJP2.dylib
0x0000000005c17000 	/System/Library/Frameworks/ImageIO.framework/Versions/A/Resources/libRadiance.dylib
0x0000000005c17000 	/System/Library/Frameworks/CoreVideo.framework/Versions/A/CoreVideo
0x0000000005c17000 	/System/Library/Frameworks/OpenGL.framework/Versions/A/Libraries/libGLU.dylib
0x0000000005c17000 	/System/Library/Frameworks/OpenGL.framework/Versions/A/Libraries/libGFXShared.dylib
0x0000000005c17000 	/System/Library/Frameworks/OpenGL.framework/Versions/A/Libraries/libGL.dylib
0x0000000005c17000 	/System/Library/Frameworks/OpenGL.framework/Versions/A/Libraries/libGLImage.dylib
0x0000000005c17000 	/System/Library/Frameworks/OpenGL.framework/Versions/A/Libraries/libCVMSPluginSupport.dylib
0x0000000005c17000 	/System/Library/Frameworks/OpenGL.framework/Versions/A/Libraries/libCoreVMClient.dylib
0x0000000005c17000 	/usr/lib/libcups.2.dylib
0x0000000005c17000 	/System/Library/Frameworks/Kerberos.framework/Versions/A/Kerberos
0x0000000005c17000 	/System/Library/Frameworks/GSS.framework/Versions/A/GSS
0x0000000005c17000 	/usr/lib/libresolv.9.dylib
0x0000000005c17000 	/usr/lib/libiconv.2.dylib
0x0000000005c17000 	/System/Library/PrivateFrameworks/Heimdal.framework/Versions/A/Heimdal
0x0000000005c17000 	/usr/lib/libheimdal-asn1.dylib
0x0000000005c17000 	/System/Library/Frameworks/OpenDirectory.framework/Versions/A/OpenDirectory
0x0000000005c17000 	/System/Library/PrivateFrameworks/CommonAuth.framework/Versions/A/CommonAuth
0x0000000005c17000 	/System/Library/Frameworks/OpenDirectory.framework/Versions/A/Frameworks/CFOpenDirectory.framework/Versions/A/CFOpenDirectory
0x0000000005c17000 	/System/Library/Frameworks/SecurityFoundation.framework/Versions/A/SecurityFoundation
0x0000000005c17000 	/System/Library/PrivateFrameworks/LanguageModeling.framework/Versions/A/LanguageModeling
0x0000000005c17000 	/usr/lib/libmarisa.dylib
0x0000000005c17000 	/usr/lib/libChineseTokenizer.dylib
0x0000000005c17000 	/usr/lib/libcmph.dylib
0x0000000005c17000 	/usr/lib/libcompression.dylib
0x0000000005c17000 	/System/Library/Frameworks/ServiceManagement.framework/Versions/A/ServiceManagement
0x0000000005c17000 	/usr/lib/libxslt.1.dylib
0x0000000005c17000 	/System/Library/Frameworks/Carbon.framework/Versions/A/Frameworks/Ink.framework/Versions/A/Ink
0x0000000005c17000 	/usr/lib/libFosl_dynamic.dylib
0x0000000005c17000 	/System/Library/PrivateFrameworks/FaceCore.framework/Versions/A/FaceCore
0x0000000005c17000 	/System/Library/Frameworks/OpenCL.framework/Versions/A/OpenCL
0x0000000005c17000 	/System/Library/PrivateFrameworks/CrashReporterSupport.framework/Versions/A/CrashReporterSupport
0x0000000005c17000 	/System/Library/PrivateFrameworks/IconServices.framework/Versions/A/IconServices
0x0000000005c17000 	/System/Library/PrivateFrameworks/Apple80211.framework/Versions/A/Apple80211
0x0000000005c17000 	/System/Library/Frameworks/CoreWLAN.framework/Versions/A/CoreWLAN
0x0000000005c17000 	/System/Library/Frameworks/IOBluetooth.framework/Versions/A/IOBluetooth
0x0000000005c17000 	/System/Library/PrivateFrameworks/CoreWiFi.framework/Versions/A/CoreWiFi
0x0000000005c17000 	/System/Library/Frameworks/CoreBluetooth.framework/Versions/A/CoreBluetooth
0x0000000005c17000 	/System/Library/PrivateFrameworks/ChunkingLibrary.framework/Versions/A/ChunkingLibrary
0x0000000005c17000 	/System/Library/PrivateFrameworks/DebugSymbols.framework/Versions/A/DebugSymbols
0x0000000005c17000 	/System/Library/PrivateFrameworks/CoreSymbolication.framework/Versions/A/CoreSymbolication
0x0000000005c17000 	/System/Library/PrivateFrameworks/Symbolication.framework/Versions/A/Symbolication
0x0000000005c17000 	/System/Library/PrivateFrameworks/SpeechRecognitionCore.framework/Versions/A/SpeechRecognitionCore
0x0000000110000000 	/Library/Java/JavaVirtualMachines/jdk1.7.0_79.jdk/Contents/Home/jre/lib/server/libjvm.dylib
0x0000000005c17000 	/usr/lib/libstdc++.6.dylib
0x000000010f7e6000 	/Library/Java/JavaVirtualMachines/jdk1.7.0_79.jdk/Contents/Home/jre/lib/libverify.dylib
0x0000000110a63000 	/Library/Java/JavaVirtualMachines/jdk1.7.0_79.jdk/Contents/Home/jre/lib/libjava.dylib
0x0000000110a93000 	/Library/Java/JavaVirtualMachines/jdk1.7.0_79.jdk/Contents/Home/jre/lib/libjdwp.dylib
0x000000010f7f4000 	/Library/Java/JavaVirtualMachines/jdk1.7.0_79.jdk/Contents/Home/jre/lib/libnpt.dylib
0x0000000110ad8000 	/Library/Java/JavaVirtualMachines/jdk1.7.0_79.jdk/Contents/Home/jre/lib/libzip.dylib
0x0000000119ce9000 	/System/Library/Frameworks/JavaVM.framework/Frameworks/JavaRuntimeSupport.framework/JavaRuntimeSupport
0x0000000119d04000 	/System/Library/Frameworks/JavaVM.framework/Versions/A/Frameworks/JavaNativeFoundation.framework/Versions/A/JavaNativeFoundation
0x0000000119d19000 	/System/Library/Frameworks/JavaVM.framework/Versions/A/JavaVM
0x0000000005c17000 	/System/Library/Frameworks/Carbon.framework/Versions/A/Carbon
0x0000000119d26000 	/System/Library/PrivateFrameworks/JavaLaunching.framework/Versions/A/JavaLaunching
0x0000000005c17000 	/System/Library/Frameworks/Carbon.framework/Versions/A/Frameworks/CommonPanels.framework/Versions/A/CommonPanels
0x0000000005c17000 	/System/Library/Frameworks/Carbon.framework/Versions/A/Frameworks/Help.framework/Versions/A/Help
0x0000000005c17000 	/System/Library/Frameworks/Carbon.framework/Versions/A/Frameworks/ImageCapture.framework/Versions/A/ImageCapture
0x0000000005c17000 	/System/Library/Frameworks/Carbon.framework/Versions/A/Frameworks/OpenScripting.framework/Versions/A/OpenScripting
0x0000000005c17000 	/System/Library/Frameworks/Carbon.framework/Versions/A/Frameworks/Print.framework/Versions/A/Print
0x0000000005c17000 	/System/Library/Frameworks/Carbon.framework/Versions/A/Frameworks/SecurityHI.framework/Versions/A/SecurityHI
0x000000011b643000 	/Library/Java/JavaVirtualMachines/jdk1.7.0_79.jdk/Contents/Home/jre/lib/libdt_socket.dylib
0x000000011bdc0000 	/Library/Java/JavaVirtualMachines/jdk1.7.0_79.jdk/Contents/Home/jre/lib/libawt.dylib
0x000000011be6f000 	/Library/Java/JavaVirtualMachines/jdk1.7.0_79.jdk/Contents/Home/jre/lib/./libmlib_image.dylib
0x000000011bf3b000 	/Library/Java/JavaVirtualMachines/jdk1.7.0_79.jdk/Contents/Home/jre/lib/lwawt/liblwawt.dylib
0x000000011bff1000 	/Library/Java/JavaVirtualMachines/jdk1.7.0_79.jdk/Contents/Home/jre/lib/libosxapp.dylib
0x0000000005c17000 	/System/Library/Frameworks/ExceptionHandling.framework/Versions/A/ExceptionHandling
0x0000000005c17000 	/System/Library/PrivateFrameworks/CoreServicesInternal.framework/Versions/A/CoreServicesInternal
0x0000000005c17000 	/System/Library/Frameworks/CoreGraphics.framework/Versions/A/Resources/libRIP.A.dylib
0x0000000005c17000 	/System/Library/Frameworks/Accelerate.framework/Versions/A/Frameworks/vImage.framework/Versions/A/Libraries/libCGInterfaces.dylib
0x0000000005c17000 	/System/Library/Frameworks/CoreGraphics.framework/Versions/A/Resources/libCGXType.A.dylib
0x0000000005c17000 	/System/Library/Frameworks/OpenCL.framework/Versions/A/Libraries/libcldcpuengine.dylib
0x0000000005c17000 	/System/Library/PrivateFrameworks/DiskImages.framework/Versions/A/DiskImages
0x0000000005c17000 	/System/Library/Frameworks/DiscRecording.framework/Versions/A/DiscRecording
0x0000000005c17000 	/usr/lib/libcsfde.dylib
0x0000000005c17000 	/usr/lib/libcurl.4.dylib
0x0000000005c17000 	/System/Library/PrivateFrameworks/MediaKit.framework/Versions/A/MediaKit
0x0000000005c17000 	/System/Library/PrivateFrameworks/ProtectedCloudStorage.framework/Versions/A/ProtectedCloudStorage
0x0000000005c17000 	/usr/lib/libCoreStorage.dylib
0x0000000005c17000 	/System/Library/PrivateFrameworks/EFILogin.framework/Versions/A/EFILogin
0x0000000005c17000 	/usr/lib/libutil.dylib
0x0000000005c17000 	/System/Library/PrivateFrameworks/FindMyDevice.framework/Versions/A/FindMyDevice
0x0000000005c17000 	/System/Library/Frameworks/LDAP.framework/Versions/A/LDAP
0x0000000005c17000 	/usr/lib/libsasl2.2.dylib
0x0000000005c17000 	/System/Library/PrivateFrameworks/CoreDaemon.framework/Versions/B/CoreDaemon
0x0000000005c17000 	/usr/lib/libcrypto.0.9.8.dylib
0x0000000005c17000 	/System/Library/PrivateFrameworks/AppleSRP.framework/Versions/A/AppleSRP
0x0000000005c17000 	/System/Library/PrivateFrameworks/TrustEvaluationAgent.framework/Versions/A/TrustEvaluationAgent
0x000000011dd26000 	cl_kernels
0x0000000005c17000 	/System/Library/Frameworks/OpenCL.framework/Versions/A/Libraries/ImageFormats/unorm8_bgra.dylib
0x0000000005c17000 	/System/Library/Frameworks/OpenCL.framework/Versions/A/Libraries/ImageFormats/unorm8_rgba.dylib
0x0000000005c17000 	/System/Library/PrivateFrameworks/FamilyControls.framework/Versions/A/FamilyControls
0x0000000005c17000 	/System/Library/PrivateFrameworks/CommerceKit.framework/Versions/A/Frameworks/CommerceCore.framework/Versions/A/CommerceCore
0x0000000005c17000 	/System/Library/PrivateFrameworks/SystemAdministration.framework/Versions/A/SystemAdministration
0x0000000005c17000 	/System/Library/PrivateFrameworks/AppContainer.framework/Versions/A/AppContainer
0x0000000005c17000 	/System/Library/PrivateFrameworks/SecCodeWrapper.framework/Versions/A/SecCodeWrapper
0x0000000005c17000 	/System/Library/Frameworks/DirectoryService.framework/Versions/A/DirectoryService
0x0000000005c17000 	/System/Library/PrivateFrameworks/LoginUIKit.framework/Versions/A/Frameworks/LoginUICore.framework/Versions/A/LoginUICore
0x0000000005c17000 	/usr/lib/libodfde.dylib
0x000000011bd58000 	/Library/Java/JavaVirtualMachines/jdk1.7.0_79.jdk/Contents/Home/jre/lib/libfontmanager.dylib
0x000000011d19c000 	/Library/Java/JavaVirtualMachines/jdk1.7.0_79.jdk/Contents/Home/jre/lib/libosxui.dylib
0x0000000005c17000 	/System/Library/Frameworks/OpenGL.framework/Versions/A/Resources/GLEngine.bundle/GLEngine
0x0000000005c17000 	/System/Library/Frameworks/OpenGL.framework/Versions/A/Libraries/libGLProgrammability.dylib
0x000000011f87d000 	/System/Library/Extensions/AppleIntelBDWGraphicsGLDriver.bundle/Contents/MacOS/AppleIntelBDWGraphicsGLDriver
0x0000000005c17000 	/System/Library/PrivateFrameworks/GPUSupport.framework/Versions/A/Libraries/libGPUSupportMercury.dylib
0x0000000005c17000 	/System/Library/Frameworks/OpenGL.framework/Versions/A/Resources/GLRendererFloat.bundle/GLRendererFloat
0x00000001215a2000 	/Library/Java/JavaVirtualMachines/jdk1.7.0_79.jdk/Contents/Home/jre/lib/libnet.dylib
0x000000011bbc9000 	/Library/Java/JavaVirtualMachines/jdk1.7.0_79.jdk/Contents/Home/jre/lib/libnio.dylib
0x000000012165f000 	/Library/Java/JavaVirtualMachines/jdk1.7.0_79.jdk/Contents/Home/jre/lib/libdcpr.dylib
0x0000000125ab2000 	/System/Library/Extensions/AppleIntelBDWGraphicsMTLDriver.bundle/Contents/MacOS/AppleIntelBDWGraphicsMTLDriver

VM Arguments:
jvm_args: -agentlib:jdwp=transport=dt_socket,suspend=y,address=localhost:51481 -Dfile.encoding=UTF-8 -Xbootclasspath/p:/Users/Elise/.p2/pool/plugins/org.scala-lang.scala-library_2.11.7.v20150622-112736-1fbce4612c.jar:/Users/Elise/.p2/pool/plugins/org.scala-lang.scala-reflect_2.11.7.v20150622-112736-1fbce4612c.jar:/Users/Elise/.p2/pool/plugins/org.scala-lang.scala-actors_2.11.7.v20150622-112736-1fbce4612c.jar 
java_command: WindPotentialSimulation
Launcher Type: SUN_STANDARD

Environment Variables:
PATH=/usr/bin:/bin:/usr/sbin:/sbin
SHELL=/bin/bash
DISPLAY=/private/tmp/com.apple.launchd.PU5K6HwIJl/org.macosforge.xquartz:0

Signal Handlers:
SIGSEGV: [libjvm.dylib+0x52daf1], sa_mask[0]=0xfffefeff, sa_flags=0x00000043
SIGBUS: [libjvm.dylib+0x52daf1], sa_mask[0]=0xfffefeff, sa_flags=0x00000042
SIGFPE: [libjvm.dylib+0x41f34e], sa_mask[0]=0xfffefeff, sa_flags=0x00000042
SIGPIPE: [libjvm.dylib+0x41f34e], sa_mask[0]=0xfffefeff, sa_flags=0x00000042
SIGXFSZ: [libjvm.dylib+0x41f34e], sa_mask[0]=0xfffefeff, sa_flags=0x00000042
SIGILL: [libjvm.dylib+0x41f34e], sa_mask[0]=0xfffefeff, sa_flags=0x00000042
SIGUSR1: SIG_DFL, sa_mask[0]=0x00000000, sa_flags=0x00000000
SIGUSR2: [libjvm.dylib+0x41ee40], sa_mask[0]=0x00000004, sa_flags=0x00000042
SIGHUP: [libjvm.dylib+0x41d0d1], sa_mask[0]=0xfffefeff, sa_flags=0x00000042
SIGINT: [libjvm.dylib+0x41d0d1], sa_mask[0]=0xfffefeff, sa_flags=0x00000042
SIGTERM: [libjvm.dylib+0x41d0d1], sa_mask[0]=0xfffefeff, sa_flags=0x00000042
SIGQUIT: [libjvm.dylib+0x41d0d1], sa_mask[0]=0xfffefeff, sa_flags=0x00000042


---------------  S Y S T E M  ---------------

OS:Bsduname:Darwin 15.2.0 Darwin Kernel Version 15.2.0: Fri Nov 13 19:56:56 PST 2015; root:xnu-3248.20.55~2/RELEASE_X86_64 x86_64
rlimit: STACK 8192k, CORE 0k, NPROC 709, NOFILE 10240, AS infinity
load average:2.16 2.03 1.99

CPU:total 4 (2 cores per cpu, 2 threads per core) family 6 model 61 stepping 4, cmov, cx8, fxsr, mmx, sse, sse2, sse3, ssse3, sse4.1, sse4.2, popcnt, avx, avx2, aes, erms, ht, tsc, tscinvbit

Memory: 4k page, physical 8388608k(2097152k free)

/proc/meminfo:


vm_info: Java HotSpot(TM) 64-Bit Server VM (24.79-b02) for bsd-amd64 JRE (1.7.0_79-b15), built on Apr 10 2015 11:35:04 by "java_re" with gcc 4.2.1 (Based on Apple Inc. build 5658) (LLVM build 2336.11.00)

time: Wed Feb 10 14:06:45 2016
elapsed time: 72 seconds

