#
# A fatal error has been detected by the Java Runtime Environment:
#
#  SIGSEGV (0xb) at pc=0x000000010fd4ab43, pid=9942, tid=50951
#
# JRE version: Java(TM) SE Runtime Environment (7.0_79-b15) (build 1.7.0_79-b15)
# Java VM: Java HotSpot(TM) 64-Bit Server VM (24.79-b02 mixed mode bsd-amd64 compressed oops)
# Problematic frame:
# C  [liblwawt.dylib+0x12b43]  OGLSD_SetScratchSurface+0x3d
#
# Failed to write core dump. Core dumps have been disabled. To enable core dumping, try "ulimit -c unlimited" before starting Java again
#
# If you would like to submit a bug report, please visit:
#   http://bugreport.java.com/bugreport/crash.jsp
# The crash happened outside the Java Virtual Machine in native code.
# See problematic frame for where to report the bug.
#

---------------  T H R E A D  ---------------

Current thread (0x00007ff4da387000):  JavaThread "Java2D Queue Flusher" daemon [_thread_in_native, id=50951, stack(0x0000700001256000,0x0000700001356000)]

siginfo:si_signo=SIGSEGV: si_errno=0, si_code=1 (SEGV_MAPERR), si_addr=0x0000000000000000

Registers:
RAX=0x00007ff4da938078, RBX=0x00007ff4da3871e8, RCX=0x00007ff4da938080, RDX=0x000000010fd40a0c
RSP=0x0000700001355820, RBP=0x0000700001355840, RSI=0x00007ff4d95bfc70, RDI=0x00007ff4da938078
R8 =0x00000000fffffffc, R9 =0x00007ff4d95b9b40, R10=0x0000000104aa572c, R11=0x0000000104477353
R12=0x0000000000000000, R13=0x000000077bc7b728, R14=0x00007ff4d95b0002, R15=0x0000000000000000
RIP=0x000000010fd4ab43, EFLAGS=0x0000000000010202, ERR=0x0000000000000004
  TRAPNO=0x000000000000000e

Top of Stack: (sp=0x0000700001355820)
0x0000700001355820:   00007ff4d95bfc70 0000000000000000
0x0000700001355830:   00007ff4da37c610 00007ff4da387000
0x0000700001355840:   00007000013558c0 000000010fd404ea
0x0000700001355850:   00007ff4da387000 000000000000d30b
0x0000700001355860:   00007ff4d95b9b00 0000000200000001
0x0000700001355870:   000000007c1fc100 000000077af29500
0x0000700001355880:   0000000000000000 00007ff4da37c620
0x0000700001355890:   0000700000355900 00007ff4da3871e8
0x00007000013558a0:   000000077bc7b728 0000000000000000
0x00007000013558b0:   0000700001355968 00007ff4da387000
0x00007000013558c0:   0000700001355930 0000000104aa5758
0x00007000013558d0:   00007ff4da387000 00007ff4d9556348
0x00007000013558e0:   0000700001355910 00000001044c6a7f
0x00007000013558f0:   00007000013558f0 0000000000000000
0x0000700001355900:   0000700001355968 000000077bc7cf10
0x0000700001355910:   0000000000000000 000000077bc7b728
0x0000700001355920:   0000000000000000 0000700001355950
0x0000700001355930:   00007000013559b0 0000000104a99058
0x0000700001355940:   0000000000000000 0000000104aa1cd8
0x0000700001355950:   0000000000000020 00007ff4da37c600
0x0000700001355960:   00000007e690c678 00000007e690c660
0x0000700001355970:   0000700001355970 000000077bc7b80d
0x0000700001355980:   00007000013559c8 000000077bc7cf10
0x0000700001355990:   0000000000000000 000000077bc7b830
0x00007000013559a0:   0000700001355950 00007000013559d0
0x00007000013559b0:   000000077ae23f60 0000000104c45e40
0x00007000013559c0:   0000000000000020 00000007e690c660
0x00007000013559d0:   00000007e690c738 00000007e690c738
0x00007000013559e0:   0000000700000000 00000007e690c738
0x00007000013559f0:   0000000000000000 0000700001355a28
0x0000700001355a00:   0000000000000001 0000000104a934e7
0x0000700001355a10:   0000700001355a90 0000000104a934e7 

Instructions: (pc=0x000000010fd4ab43)
0x000000010fd4ab23:   c0 be 01 00 00 00 e8 b0 2c 03 00 31 c0 eb 6d 48
0x000000010fd4ab33:   89 fb 4c 8b 76 10 4d 8b 3e 30 c0 e8 6f 31 03 00
0x000000010fd4ab43:   49 8b 3f 49 89 c4 48 8b 35 d8 7e 06 00 30 c0 e8
0x000000010fd4ab53:   99 32 03 00 48 85 c0 75 4c 30 c0 e8 79 60 ff ff 

Register to memory mapping:

RAX=0x00007ff4da938078 is an unknown value
RBX=0x00007ff4da3871e8 is an unknown value
RCX=0x00007ff4da938080 is an unknown value
RDX=0x000000010fd40a0c: Java_sun_java2d_opengl_OGLRenderQueue_flushBuffer+0xb5c in /Library/Java/JavaVirtualMachines/jdk1.7.0_79.jdk/Contents/Home/jre/lib/lwawt/liblwawt.dylib at 0x000000010fd38000
RSP=0x0000700001355820 is pointing into the stack for thread: 0x00007ff4da387000
RBP=0x0000700001355840 is pointing into the stack for thread: 0x00007ff4da387000
RSI=0x00007ff4d95bfc70 is an unknown value
RDI=0x00007ff4da938078 is an unknown value
R8 =0x00000000fffffffc is an unknown value
R9 =0x00007ff4d95b9b40 is an unknown value
R10=0x0000000104aa572c is at code_begin+620 in an Interpreter codelet
method entry point (kind = native)  [0x0000000104aa54c0, 0x0000000104aa5d00]  2112 bytes
R11=0x0000000104477353: throw_unsatisfied_link_error+0 in /Library/Java/JavaVirtualMachines/jdk1.7.0_79.jdk/Contents/Home/jre/lib/server/libjvm.dylib at 0x0000000104000000
R12=0x0000000000000000 is an unknown value
R13=0x000000077bc7b728 is an oop
{method} 
 - klass: {other class}
R14=0x00007ff4d95b0002 is an unknown value
R15=0x0000000000000000 is an unknown value


Stack: [0x0000700001256000,0x0000700001356000],  sp=0x0000700001355820,  free space=1022k
Native frames: (J=compiled Java code, j=interpreted, Vv=VM code, C=native code)
C  [liblwawt.dylib+0x12b43]  OGLSD_SetScratchSurface+0x3d
C  [liblwawt.dylib+0x84ea]  Java_sun_java2d_opengl_OGLRenderQueue_flushBuffer+0x63a
j  sun.java2d.opengl.OGLRenderQueue.flushBuffer(JI)V+0
j  sun.java2d.opengl.OGLRenderQueue.flushBuffer()V+21
J 732% C2 sun.java2d.opengl.OGLRenderQueue$QueueFlusher.run()V (234 bytes) @ 0x0000000104c45e40 [0x0000000104c45b40+0x300]
v  ~StubRoutines::call_stub
V  [libjvm.dylib+0x2dbef8]
V  [libjvm.dylib+0x2dc40f]
V  [libjvm.dylib+0x2dc54c]
V  [libjvm.dylib+0x32b43a]
V  [libjvm.dylib+0x4f759d]
V  [libjvm.dylib+0x4f8ca5]
V  [libjvm.dylib+0x421c4e]
C  [libsystem_pthread.dylib+0x399d]  _pthread_body+0x83
C  [libsystem_pthread.dylib+0x391a]  _pthread_body+0x0
C  [libsystem_pthread.dylib+0x1351]  thread_start+0xd

Java frames: (J=compiled Java code, j=interpreted, Vv=VM code)
j  sun.java2d.opengl.OGLRenderQueue.flushBuffer(JI)V+0
j  sun.java2d.opengl.OGLRenderQueue.flushBuffer()V+21
J 732% C2 sun.java2d.opengl.OGLRenderQueue$QueueFlusher.run()V (234 bytes) @ 0x0000000104c45e40 [0x0000000104c45b40+0x300]
v  ~StubRoutines::call_stub

---------------  P R O C E S S  ---------------

Java Threads: ( => current thread )
  0x00007ff4da8f9000 JavaThread "TimerQueue" daemon [_thread_blocked, id=41735, stack(0x0000700000ec4000,0x0000700000fc4000)]
  0x00007ff4db003800 JavaThread "DestroyJavaVM" [_thread_blocked, id=5891, stack(0x000070000011a000,0x000070000021a000)]
  0x00007ff4d9d79000 JavaThread "AWT-EventQueue-0" [_thread_in_native, id=58887, stack(0x00007000014df000,0x00007000015df000)]
  0x00007ff4d9d28800 JavaThread "Java2D Disposer" daemon [_thread_blocked, id=54027, stack(0x0000700001359000,0x0000700001459000)]
=>0x00007ff4da387000 JavaThread "Java2D Queue Flusher" daemon [_thread_in_native, id=50951, stack(0x0000700001256000,0x0000700001356000)]
  0x00007ff4d999f800 JavaThread "AWT-Shutdown" [_thread_blocked, id=29203, stack(0x00007000010d0000,0x00007000011d0000)]
  0x00007ff4da2ec800 JavaThread "AppKit Thread" daemon [_thread_in_native, id=2571, stack(0x00007fff5bf5f000,0x00007fff5c75f000)]
  0x00007ff4db025800 JavaThread "Service Thread" daemon [_thread_blocked, id=17923, stack(0x0000700000cbe000,0x0000700000dbe000)]
  0x00007ff4d9865800 JavaThread "C2 CompilerThread1" daemon [_thread_in_native, id=17411, stack(0x0000700000bbb000,0x0000700000cbb000)]
  0x00007ff4d9859800 JavaThread "C2 CompilerThread0" daemon [_thread_blocked, id=16899, stack(0x0000700000ab8000,0x0000700000bb8000)]
  0x00007ff4db002000 JavaThread "Signal Dispatcher" daemon [_thread_blocked, id=12815, stack(0x00007000009b5000,0x0000700000ab5000)]
  0x00007ff4db021800 JavaThread "Finalizer" daemon [_thread_blocked, id=12291, stack(0x000070000082f000,0x000070000092f000)]
  0x00007ff4db021000 JavaThread "Reference Handler" daemon [_thread_blocked, id=11779, stack(0x000070000072c000,0x000070000082c000)]

Other Threads:
  0x00007ff4da80d800 VMThread [stack: 0x0000700000629000,0x0000700000729000] [id=11267]
  0x00007ff4db023000 WatcherThread [stack: 0x0000700000dc1000,0x0000700000ec1000] [id=18435]

VM state:not at safepoint (normal execution)

VM Mutex/Monitor currently owned by a thread: None

Heap
 PSYoungGen      total 303616K, used 34759K [0x00000007d5500000, 0x00000007fe800000, 0x0000000800000000)
  eden space 282624K, 4% used [0x00000007d5500000,0x00000007d629ea50,0x00000007e6900000)
  from space 20992K, 99% used [0x00000007e6900000,0x00000007e7d53468,0x00000007e7d80000)
  to   space 195072K, 0% used [0x00000007f2980000,0x00000007f2980000,0x00000007fe800000)
 ParOldGen       total 613376K, used 512836K [0x0000000780000000, 0x00000007a5700000, 0x00000007d5500000)
  object space 613376K, 83% used [0x0000000780000000,0x000000079f4d1318,0x00000007a5700000)
 PSPermGen       total 21504K, used 20468K [0x000000077ae00000, 0x000000077c300000, 0x0000000780000000)
  object space 21504K, 95% used [0x000000077ae00000,0x000000077c1fd360,0x000000077c300000)

Card table byte_map: [0x0000000107b53000,0x0000000107f7d000] byte_map_base: 0x0000000103f7c000

Polling page: 0x00000001037e4000

Code Cache  [0x0000000104a93000, 0x0000000104d03000, 0x0000000107a93000)
 total_blobs=1251 nmethods=707 adapters=498 free_code_cache=47324Kb largest_free_block=48409088

Compilation events (10 events):
Event: 10599.440 Thread 0x00007ff4d9865800  789             sun.java2d.StateTrackableDelegate::markDirty (6 bytes)
Event: 10599.440 Thread 0x00007ff4d9859800 nmethod 788 0x0000000104b8cc90 code [0x0000000104b8cdc0, 0x0000000104b8ce18]
Event: 10599.440 Thread 0x00007ff4d9865800 nmethod 789 0x0000000104bfbb10 code [0x0000000104bfbc40, 0x0000000104bfbc98]
Event: 10599.442 Thread 0x00007ff4d9865800  790             org.jfree.chart.axis.ValueTick::getValue (5 bytes)
Event: 10599.442 Thread 0x00007ff4d9865800 nmethod 790 0x0000000104bfb910 code [0x0000000104bfba40, 0x0000000104bfba98]
Event: 10599.495 Thread 0x00007ff4d9859800  791             java.lang.StrictMath::floorOrCeil (128 bytes)
Event: 10599.495 Thread 0x00007ff4d9865800  792             java.lang.Math::getExponent (5 bytes)
Event: 10599.496 Thread 0x00007ff4d9865800 nmethod 792 0x0000000104bfb710 code [0x0000000104bfb840, 0x0000000104bfb898]
Event: 10599.496 Thread 0x00007ff4d9859800 nmethod 791 0x0000000104bbe150 code [0x0000000104bbe2a0, 0x0000000104bbe358]
Event: 10599.744 Thread 0x00007ff4d9865800  793             org.jfree.chart.axis.NumberAxis::refreshTicksHorizontal (419 bytes)

GC Heap History (10 events):
Event: 46.135 GC heap before
{Heap before GC invocations=35 (full 4):
 PSYoungGen      total 486400K, used 285664K [0x00000007d5500000, 0x0000000800000000, 0x0000000800000000)
  eden space 284672K, 100% used [0x00000007d5500000,0x00000007e6b00000,0x00000007e6b00000)
  from space 201728K, 0% used [0x00000007f3b00000,0x00000007f3bf8000,0x0000000800000000)
  to   space 207360K, 0% used [0x00000007e6b00000,0x00000007e6b00000,0x00000007f3580000)
 ParOldGen       total 613376K, used 512780K [0x0000000780000000, 0x00000007a5700000, 0x00000007d5500000)
  object space 613376K, 83% used [0x0000000780000000,0x000000079f4c3318,0x00000007a5700000)
 PSPermGen       total 21504K, used 10654K [0x000000077ae00000, 0x000000077c300000, 0x0000000780000000)
  object space 21504K, 49% used [0x000000077ae00000,0x000000077b867ba0,0x000000077c300000)
Event: 46.142 GC heap after
Heap after GC invocations=35 (full 4):
 PSYoungGen      total 286208K, used 1536K [0x00000007d5500000, 0x0000000800000000, 0x0000000800000000)
  eden space 284672K, 0% used [0x00000007d5500000,0x00000007d5500000,0x00000007e6b00000)
  from space 1536K, 100% used [0x00000007e6b00000,0x00000007e6c80000,0x00000007e6c80000)
  to   space 209920K, 0% used [0x00000007f3300000,0x00000007f3300000,0x0000000800000000)
 ParOldGen       total 613376K, used 512796K [0x0000000780000000, 0x00000007a5700000, 0x00000007d5500000)
  object space 613376K, 83% used [0x0000000780000000,0x000000079f4c7318,0x00000007a5700000)
 PSPermGen       total 21504K, used 10654K [0x000000077ae00000, 0x000000077c300000, 0x0000000780000000)
  object space 21504K, 49% used [0x000000077ae00000,0x000000077b867ba0,0x000000077c300000)
}
Event: 48.230 GC heap before
{Heap before GC invocations=36 (full 4):
 PSYoungGen      total 286208K, used 286208K [0x00000007d5500000, 0x0000000800000000, 0x0000000800000000)
  eden space 284672K, 100% used [0x00000007d5500000,0x00000007e6b00000,0x00000007e6b00000)
  from space 1536K, 100% used [0x00000007e6b00000,0x00000007e6c80000,0x00000007e6c80000)
  to   space 209920K, 0% used [0x00000007f3300000,0x00000007f3300000,0x0000000800000000)
 ParOldGen       total 613376K, used 512796K [0x0000000780000000, 0x00000007a5700000, 0x00000007d5500000)
  object space 613376K, 83% used [0x0000000780000000,0x000000079f4c7318,0x00000007a5700000)
 PSPermGen       total 21504K, used 10654K [0x000000077ae00000, 0x000000077c300000, 0x0000000780000000)
  object space 21504K, 49% used [0x000000077ae00000,0x000000077b867ba0,0x000000077c300000)
Event: 48.233 GC heap after
Heap after GC invocations=36 (full 4):
 PSYoungGen      total 489984K, used 576K [0x00000007d5500000, 0x0000000800000000, 0x0000000800000000)
  eden space 280064K, 0% used [0x00000007d5500000,0x00000007d5500000,0x00000007e6680000)
  from space 209920K, 0% used [0x00000007f3300000,0x00000007f3390000,0x0000000800000000)
  to   space 209408K, 0% used [0x00000007e6680000,0x00000007e6680000,0x00000007f3300000)
 ParOldGen       total 613376K, used 512804K [0x0000000780000000, 0x00000007a5700000, 0x00000007d5500000)
  object space 613376K, 83% used [0x0000000780000000,0x000000079f4c9318,0x00000007a5700000)
 PSPermGen       total 21504K, used 10654K [0x000000077ae00000, 0x000000077c300000, 0x0000000780000000)
  object space 21504K, 49% used [0x000000077ae00000,0x000000077b867ba0,0x000000077c300000)
}
Event: 50.161 GC heap before
{Heap before GC invocations=37 (full 4):
 PSYoungGen      total 489984K, used 280640K [0x00000007d5500000, 0x0000000800000000, 0x0000000800000000)
  eden space 280064K, 100% used [0x00000007d5500000,0x00000007e6680000,0x00000007e6680000)
  from space 209920K, 0% used [0x00000007f3300000,0x00000007f3390000,0x0000000800000000)
  to   space 209408K, 0% used [0x00000007e6680000,0x00000007e6680000,0x00000007f3300000)
 ParOldGen       total 613376K, used 512804K [0x0000000780000000, 0x00000007a5700000, 0x00000007d5500000)
  object space 613376K, 83% used [0x0000000780000000,0x000000079f4c9318,0x00000007a5700000)
 PSPermGen       total 21504K, used 10654K [0x000000077ae00000, 0x000000077c300000, 0x0000000780000000)
  object space 21504K, 49% used [0x000000077ae00000,0x000000077b867ba0,0x000000077c300000)
Event: 50.165 GC heap after
Heap after GC invocations=37 (full 4):
 PSYoungGen      total 281088K, used 1024K [0x00000007d5500000, 0x00000007ffb80000, 0x0000000800000000)
  eden space 280064K, 0% used [0x00000007d5500000,0x00000007d5500000,0x00000007e6680000)
  from space 1024K, 100% used [0x00000007e6680000,0x00000007e6780000,0x00000007e6780000)
  to   space 207360K, 0% used [0x00000007f3100000,0x00000007f3100000,0x00000007ffb80000)
 ParOldGen       total 613376K, used 512812K [0x0000000780000000, 0x00000007a5700000, 0x00000007d5500000)
  object space 613376K, 83% used [0x0000000780000000,0x000000079f4cb318,0x00000007a5700000)
 PSPermGen       total 21504K, used 10654K [0x000000077ae00000, 0x000000077c300000, 0x0000000780000000)
  object space 21504K, 49% used [0x000000077ae00000,0x000000077b867ba0,0x000000077c300000)
}
Event: 52.067 GC heap before
{Heap before GC invocations=38 (full 4):
 PSYoungGen      total 281088K, used 281088K [0x00000007d5500000, 0x00000007ffb80000, 0x0000000800000000)
  eden space 280064K, 100% used [0x00000007d5500000,0x00000007e6680000,0x00000007e6680000)
  from space 1024K, 100% used [0x00000007e6680000,0x00000007e6780000,0x00000007e6780000)
  to   space 207360K, 0% used [0x00000007f3100000,0x00000007f3100000,0x00000007ffb80000)
 ParOldGen       total 613376K, used 512812K [0x0000000780000000, 0x00000007a5700000, 0x00000007d5500000)
  object space 613376K, 83% used [0x0000000780000000,0x000000079f4cb318,0x00000007a5700000)
 PSPermGen       total 21504K, used 10654K [0x000000077ae00000, 0x000000077c300000, 0x0000000780000000)
  object space 21504K, 49% used [0x000000077ae00000,0x000000077b867ba0,0x000000077c300000)
Event: 52.071 GC heap after
Heap after GC invocations=38 (full 4):
 PSYoungGen      total 485376K, used 832K [0x00000007d5500000, 0x00000007ff700000, 0x0000000800000000)
  eden space 282624K, 0% used [0x00000007d5500000,0x00000007d5500000,0x00000007e6900000)
  from space 202752K, 0% used [0x00000007f3100000,0x00000007f31d0000,0x00000007ff700000)
  to   space 203776K, 0% used [0x00000007e6900000,0x00000007e6900000,0x00000007f3000000)
 ParOldGen       total 613376K, used 512820K [0x0000000780000000, 0x00000007a5700000, 0x00000007d5500000)
  object space 613376K, 83% used [0x0000000780000000,0x000000079f4cd318,0x00000007a5700000)
 PSPermGen       total 21504K, used 10654K [0x000000077ae00000, 0x000000077c300000, 0x0000000780000000)
  object space 21504K, 49% used [0x000000077ae00000,0x000000077b867ba0,0x000000077c300000)
}
Event: 10599.552 GC heap before
{Heap before GC invocations=39 (full 4):
 PSYoungGen      total 485376K, used 282100K [0x00000007d5500000, 0x00000007ff700000, 0x0000000800000000)
  eden space 282624K, 99% used [0x00000007d5500000,0x00000007e67ad088,0x00000007e6900000)
  from space 202752K, 0% used [0x00000007f3100000,0x00000007f31d0000,0x00000007ff700000)
  to   space 203776K, 0% used [0x00000007e6900000,0x00000007e6900000,0x00000007f3000000)
 ParOldGen       total 613376K, used 512820K [0x0000000780000000, 0x00000007a5700000, 0x00000007d5500000)
  object space 613376K, 83% used [0x0000000780000000,0x000000079f4cd318,0x00000007a5700000)
 PSPermGen       total 21504K, used 20468K [0x000000077ae00000, 0x000000077c300000, 0x0000000780000000)
  object space 21504K, 95% used [0x000000077ae00000,0x000000077c1fd280,0x000000077c300000)
Event: 10599.733 GC heap after
Heap after GC invocations=39 (full 4):
 PSYoungGen      total 303616K, used 20813K [0x00000007d5500000, 0x00000007fe800000, 0x0000000800000000)
  eden space 282624K, 0% used [0x00000007d5500000,0x00000007d5500000,0x00000007e6900000)
  from space 20992K, 99% used [0x00000007e6900000,0x00000007e7d53468,0x00000007e7d80000)
  to   space 195072K, 0% used [0x00000007f2980000,0x00000007f2980000,0x00000007fe800000)
 ParOldGen       total 613376K, used 512836K [0x0000000780000000, 0x00000007a5700000, 0x00000007d5500000)
  object space 613376K, 83% used [0x0000000780000000,0x000000079f4d1318,0x00000007a5700000)
 PSPermGen       total 21504K, used 20468K [0x000000077ae00000, 0x000000077c300000, 0x0000000780000000)
  object space 21504K, 95% used [0x000000077ae00000,0x000000077c1fd280,0x000000077c300000)
}

Deoptimization events (10 events):
Event: 53.164 Thread 0x00007ff4db003800 Uncommon trap: reason=unreached action=reinterpret pc=0x0000000104b38430 method=java.lang.ref.SoftReference.get()Ljava/lang/Object; @ 6
Event: 53.286 Thread 0x00007ff4db003800 Uncommon trap: reason=class_check action=maybe_recompile pc=0x0000000104b0ca98 method=sun.nio.cs.UTF_8.updatePositions(Ljava/nio/Buffer;ILjava/nio/Buffer;I)V @ 3
Event: 53.286 Thread 0x00007ff4db003800 Uncommon trap: reason=class_check action=maybe_recompile pc=0x0000000104b0ca98 method=sun.nio.cs.UTF_8.updatePositions(Ljava/nio/Buffer;ILjava/nio/Buffer;I)V @ 3
Event: 53.288 Thread 0x00007ff4db003800 Uncommon trap: reason=class_check action=maybe_recompile pc=0x0000000104b0ca98 method=sun.nio.cs.UTF_8.updatePositions(Ljava/nio/Buffer;ILjava/nio/Buffer;I)V @ 3
Event: 53.290 Thread 0x00007ff4db003800 Uncommon trap: reason=class_check action=maybe_recompile pc=0x0000000104b3fe48 method=java.lang.StringCoding$StringDecoder.charsetName()Ljava/lang/String; @ 4
Event: 53.488 Thread 0x00007ff4db003800 Uncommon trap: reason=unreached action=reinterpret pc=0x0000000104b3cedc method=java.lang.AbstractStringBuilder.append(Ljava/lang/String;)Ljava/lang/AbstractStringBuilder; @ 1
Event: 53.489 Thread 0x00007ff4db003800 Uncommon trap: reason=unreached action=reinterpret pc=0x0000000104b2dcd8 method=java.lang.AbstractStringBuilder.append(Ljava/lang/String;)Ljava/lang/AbstractStringBuilder; @ 1
Event: 53.600 Thread 0x00007ff4d9d79000 Uncommon trap: reason=class_check action=maybe_recompile pc=0x0000000104b15c18 method=java.util.AbstractCollection.toArray([Ljava/lang/Object;)[Ljava/lang/Object; @ 1
Event: 166.572 Thread 0x00007ff4d9d79000 Uncommon trap: reason=null_check action=make_not_entrant pc=0x0000000104b8cd54 method=java.lang.reflect.Array.newInstance(Ljava/lang/Class;I)Ljava/lang/Object; @ 2
Event: 5424.597 Thread 0x00007ff4da2ec800 Uncommon trap: reason=class_check action=maybe_recompile pc=0x0000000104b15c18 method=java.util.AbstractCollection.toArray([Ljava/lang/Object;)[Ljava/lang/Object; @ 1

Internal exceptions (10 events):
Event: 53.464 Thread 0x00007ff4db003800 Threw 0x00000007d7e37a30 at /HUDSON/workspace/7u-2-build-macosx-x86_64/jdk7u79/2331/hotspot/src/share/vm/prims/jvm.cpp:1304
Event: 53.465 Thread 0x00007ff4db003800 Threw 0x00000007d7e3e670 at /HUDSON/workspace/7u-2-build-macosx-x86_64/jdk7u79/2331/hotspot/src/share/vm/prims/jvm.cpp:1304
Event: 53.480 Thread 0x00007ff4db003800 Threw 0x00000007d7e5a3e0 at /HUDSON/workspace/7u-2-build-macosx-x86_64/jdk7u79/2331/hotspot/src/share/vm/prims/jvm.cpp:1304
Event: 53.480 Thread 0x00007ff4db003800 Threw 0x00000007d7e5eaf8 at /HUDSON/workspace/7u-2-build-macosx-x86_64/jdk7u79/2331/hotspot/src/share/vm/prims/jvm.cpp:1304
Event: 53.480 Thread 0x00007ff4db003800 Threw 0x00000007d7e5fd98 at /HUDSON/workspace/7u-2-build-macosx-x86_64/jdk7u79/2331/hotspot/src/share/vm/prims/jvm.cpp:1304
Event: 53.480 Thread 0x00007ff4db003800 Threw 0x00000007d7e63958 at /HUDSON/workspace/7u-2-build-macosx-x86_64/jdk7u79/2331/hotspot/src/share/vm/prims/jvm.cpp:1304
Event: 53.484 Thread 0x00007ff4db003800 Threw 0x00000007d7e7cc70 at /HUDSON/workspace/7u-2-build-macosx-x86_64/jdk7u79/2331/hotspot/src/share/vm/prims/jvm.cpp:1304
Event: 53.488 Thread 0x00007ff4db003800 Implicit null exception at 0x0000000104b3cb75 to 0x0000000104b3cec1
Event: 53.489 Thread 0x00007ff4db003800 Implicit null exception at 0x0000000104b2d975 to 0x0000000104b2dcc1
Event: 166.572 Thread 0x00007ff4d9d79000 Implicit null exception at 0x0000000104b8cc70 to 0x0000000104b8cd41

Events (10 events):
Event: 10599.740 Executing VM operation: RevokeBias
Event: 10599.740 Executing VM operation: RevokeBias done
Event: 10599.740 Executing VM operation: RevokeBias
Event: 10599.741 Executing VM operation: RevokeBias done
Event: 10599.741 Executing VM operation: RevokeBias
Event: 10599.741 Executing VM operation: RevokeBias done
Event: 10599.741 Executing VM operation: BulkRevokeBias
Event: 10599.741 Executing VM operation: BulkRevokeBias done
Event: 10599.741 Executing VM operation: RevokeBias
Event: 10599.741 Executing VM operation: RevokeBias done


Dynamic libraries:
0x00000000041a4000 	/System/Library/Frameworks/Cocoa.framework/Versions/A/Cocoa
0x00000000041a4000 	/System/Library/Frameworks/Security.framework/Versions/A/Security
0x00000000041a4000 	/System/Library/Frameworks/ApplicationServices.framework/Versions/A/ApplicationServices
0x00000000041a4000 	/usr/lib/libz.1.dylib
0x00000000041a4000 	/usr/lib/libSystem.B.dylib
0x00000000041a4000 	/usr/lib/libobjc.A.dylib
0x00000000041a4000 	/System/Library/Frameworks/CoreFoundation.framework/Versions/A/CoreFoundation
0x00000000041a4000 	/System/Library/Frameworks/Foundation.framework/Versions/C/Foundation
0x00000000041a4000 	/System/Library/Frameworks/AppKit.framework/Versions/C/AppKit
0x00000000041a4000 	/System/Library/Frameworks/CoreData.framework/Versions/A/CoreData
0x00000000041a4000 	/System/Library/PrivateFrameworks/RemoteViewServices.framework/Versions/A/RemoteViewServices
0x00000000041a4000 	/System/Library/PrivateFrameworks/UIFoundation.framework/Versions/A/UIFoundation
0x00000000041a4000 	/usr/lib/libScreenReader.dylib
0x00000000041a4000 	/System/Library/Frameworks/Accelerate.framework/Versions/A/Accelerate
0x00000000041a4000 	/System/Library/Frameworks/IOSurface.framework/Versions/A/IOSurface
0x00000000041a4000 	/System/Library/Frameworks/AudioToolbox.framework/Versions/A/AudioToolbox
0x00000000041a4000 	/System/Library/Frameworks/AudioUnit.framework/Versions/A/AudioUnit
0x00000000041a4000 	/System/Library/PrivateFrameworks/DataDetectorsCore.framework/Versions/A/DataDetectorsCore
0x00000000041a4000 	/System/Library/PrivateFrameworks/DesktopServicesPriv.framework/Versions/A/DesktopServicesPriv
0x00000000041a4000 	/System/Library/Frameworks/Carbon.framework/Versions/A/Frameworks/HIToolbox.framework/Versions/A/HIToolbox
0x00000000041a4000 	/System/Library/Frameworks/QuartzCore.framework/Versions/A/QuartzCore
0x00000000041a4000 	/System/Library/Frameworks/Carbon.framework/Versions/A/Frameworks/SpeechRecognition.framework/Versions/A/SpeechRecognition
0x00000000041a4000 	/usr/lib/libauto.dylib
0x00000000041a4000 	/usr/lib/libicucore.A.dylib
0x00000000041a4000 	/usr/lib/libxml2.2.dylib
0x00000000041a4000 	/System/Library/PrivateFrameworks/CoreUI.framework/Versions/A/CoreUI
0x00000000041a4000 	/System/Library/Frameworks/CoreAudio.framework/Versions/A/CoreAudio
0x00000000041a4000 	/System/Library/Frameworks/DiskArbitration.framework/Versions/A/DiskArbitration
0x00000000041a4000 	/usr/lib/liblangid.dylib
0x00000000041a4000 	/System/Library/PrivateFrameworks/MultitouchSupport.framework/Versions/A/MultitouchSupport
0x00000000041a4000 	/System/Library/Frameworks/IOKit.framework/Versions/A/IOKit
0x00000000041a4000 	/usr/lib/libDiagnosticMessagesClient.dylib
0x00000000041a4000 	/System/Library/Frameworks/CoreServices.framework/Versions/A/CoreServices
0x00000000041a4000 	/System/Library/PrivateFrameworks/PerformanceAnalysis.framework/Versions/A/PerformanceAnalysis
0x00000000041a4000 	/System/Library/PrivateFrameworks/GenerationalStorage.framework/Versions/A/GenerationalStorage
0x00000000041a4000 	/System/Library/Frameworks/OpenGL.framework/Versions/A/OpenGL
0x00000000041a4000 	/System/Library/PrivateFrameworks/Sharing.framework/Versions/A/Sharing
0x00000000041a4000 	/System/Library/Frameworks/CoreGraphics.framework/Versions/A/CoreGraphics
0x00000000041a4000 	/System/Library/Frameworks/CoreImage.framework/Versions/A/CoreImage
0x00000000041a4000 	/System/Library/Frameworks/CoreText.framework/Versions/A/CoreText
0x00000000041a4000 	/System/Library/Frameworks/ImageIO.framework/Versions/A/ImageIO
0x00000000041a4000 	/System/Library/PrivateFrameworks/Backup.framework/Versions/A/Backup
0x00000000041a4000 	/usr/lib/libextension.dylib
0x00000000041a4000 	/usr/lib/libarchive.2.dylib
0x00000000041a4000 	/System/Library/Frameworks/CFNetwork.framework/Versions/A/CFNetwork
0x00000000041a4000 	/System/Library/Frameworks/SystemConfiguration.framework/Versions/A/SystemConfiguration
0x00000000041a4000 	/usr/lib/libCRFSuite.dylib
0x00000000041a4000 	/usr/lib/libc++.1.dylib
0x00000000041a4000 	/usr/lib/libc++abi.dylib
0x00000000041a4000 	/usr/lib/system/libcache.dylib
0x00000000041a4000 	/usr/lib/system/libcommonCrypto.dylib
0x00000000041a4000 	/usr/lib/system/libcompiler_rt.dylib
0x00000000041a4000 	/usr/lib/system/libcopyfile.dylib
0x00000000041a4000 	/usr/lib/system/libcorecrypto.dylib
0x00000000041a4000 	/usr/lib/system/libdispatch.dylib
0x00000000041a4000 	/usr/lib/system/libdyld.dylib
0x00000000041a4000 	/usr/lib/system/libkeymgr.dylib
0x00000000041a4000 	/usr/lib/system/liblaunch.dylib
0x00000000041a4000 	/usr/lib/system/libmacho.dylib
0x00000000041a4000 	/usr/lib/system/libquarantine.dylib
0x00000000041a4000 	/usr/lib/system/libremovefile.dylib
0x00000000041a4000 	/usr/lib/system/libsystem_asl.dylib
0x00000000041a4000 	/usr/lib/system/libsystem_blocks.dylib
0x00000000041a4000 	/usr/lib/system/libsystem_c.dylib
0x00000000041a4000 	/usr/lib/system/libsystem_configuration.dylib
0x00000000041a4000 	/usr/lib/system/libsystem_coreservices.dylib
0x00000000041a4000 	/usr/lib/system/libsystem_coretls.dylib
0x00000000041a4000 	/usr/lib/system/libsystem_dnssd.dylib
0x00000000041a4000 	/usr/lib/system/libsystem_info.dylib
0x00000000041a4000 	/usr/lib/system/libsystem_kernel.dylib
0x00000000041a4000 	/usr/lib/system/libsystem_m.dylib
0x00000000041a4000 	/usr/lib/system/libsystem_malloc.dylib
0x00000000041a4000 	/usr/lib/system/libsystem_network.dylib
0x00000000041a4000 	/usr/lib/system/libsystem_networkextension.dylib
0x00000000041a4000 	/usr/lib/system/libsystem_notify.dylib
0x00000000041a4000 	/usr/lib/system/libsystem_platform.dylib
0x00000000041a4000 	/usr/lib/system/libsystem_pthread.dylib
0x00000000041a4000 	/usr/lib/system/libsystem_sandbox.dylib
0x00000000041a4000 	/usr/lib/system/libsystem_secinit.dylib
0x00000000041a4000 	/usr/lib/system/libsystem_trace.dylib
0x00000000041a4000 	/usr/lib/system/libunc.dylib
0x00000000041a4000 	/usr/lib/system/libunwind.dylib
0x00000000041a4000 	/usr/lib/system/libxpc.dylib
0x00000000041a4000 	/usr/lib/libenergytrace.dylib
0x00000000041a4000 	/usr/lib/libbsm.0.dylib
0x00000000041a4000 	/usr/lib/system/libkxld.dylib
0x00000000041a4000 	/usr/lib/libxar.1.dylib
0x00000000041a4000 	/usr/lib/libsqlite3.dylib
0x00000000041a4000 	/usr/lib/libpam.2.dylib
0x00000000041a4000 	/usr/lib/libOpenScriptingUtil.dylib
0x00000000041a4000 	/usr/lib/libbz2.1.0.dylib
0x00000000041a4000 	/usr/lib/liblzma.5.dylib
0x00000000041a4000 	/System/Library/Frameworks/CoreServices.framework/Versions/A/Frameworks/FSEvents.framework/Versions/A/FSEvents
0x00000000041a4000 	/System/Library/Frameworks/CoreServices.framework/Versions/A/Frameworks/CarbonCore.framework/Versions/A/CarbonCore
0x00000000041a4000 	/System/Library/Frameworks/CoreServices.framework/Versions/A/Frameworks/Metadata.framework/Versions/A/Metadata
0x00000000041a4000 	/System/Library/Frameworks/CoreServices.framework/Versions/A/Frameworks/OSServices.framework/Versions/A/OSServices
0x00000000041a4000 	/System/Library/Frameworks/CoreServices.framework/Versions/A/Frameworks/SearchKit.framework/Versions/A/SearchKit
0x00000000041a4000 	/System/Library/Frameworks/CoreServices.framework/Versions/A/Frameworks/AE.framework/Versions/A/AE
0x00000000041a4000 	/System/Library/Frameworks/CoreServices.framework/Versions/A/Frameworks/LaunchServices.framework/Versions/A/LaunchServices
0x00000000041a4000 	/System/Library/Frameworks/CoreServices.framework/Versions/A/Frameworks/DictionaryServices.framework/Versions/A/DictionaryServices
0x00000000041a4000 	/System/Library/Frameworks/CoreServices.framework/Versions/A/Frameworks/SharedFileList.framework/Versions/A/SharedFileList
0x00000000041a4000 	/System/Library/Frameworks/NetFS.framework/Versions/A/NetFS
0x00000000041a4000 	/System/Library/PrivateFrameworks/NetAuth.framework/Versions/A/NetAuth
0x00000000041a4000 	/System/Library/PrivateFrameworks/login.framework/Versions/A/Frameworks/loginsupport.framework/Versions/A/loginsupport
0x00000000041a4000 	/System/Library/PrivateFrameworks/TCC.framework/Versions/A/TCC
0x00000000041a4000 	/usr/lib/libmecabra.dylib
0x00000000041a4000 	/System/Library/Frameworks/ApplicationServices.framework/Versions/A/Frameworks/ATS.framework/Versions/A/ATS
0x00000000041a4000 	/System/Library/Frameworks/ApplicationServices.framework/Versions/A/Frameworks/ColorSync.framework/Versions/A/ColorSync
0x00000000041a4000 	/System/Library/Frameworks/ApplicationServices.framework/Versions/A/Frameworks/HIServices.framework/Versions/A/HIServices
0x00000000041a4000 	/System/Library/Frameworks/ApplicationServices.framework/Versions/A/Frameworks/LangAnalysis.framework/Versions/A/LangAnalysis
0x00000000041a4000 	/System/Library/Frameworks/ApplicationServices.framework/Versions/A/Frameworks/PrintCore.framework/Versions/A/PrintCore
0x00000000041a4000 	/System/Library/Frameworks/ApplicationServices.framework/Versions/A/Frameworks/QD.framework/Versions/A/QD
0x00000000041a4000 	/System/Library/Frameworks/ApplicationServices.framework/Versions/A/Frameworks/SpeechSynthesis.framework/Versions/A/SpeechSynthesis
0x00000000041a4000 	/System/Library/Frameworks/Metal.framework/Versions/A/Metal
0x00000000041a4000 	/System/Library/Frameworks/Accelerate.framework/Versions/A/Frameworks/vImage.framework/Versions/A/vImage
0x00000000041a4000 	/System/Library/Frameworks/Accelerate.framework/Versions/A/Frameworks/vecLib.framework/Versions/A/vecLib
0x00000000041a4000 	/System/Library/Frameworks/Accelerate.framework/Versions/A/Frameworks/vecLib.framework/Versions/A/libvDSP.dylib
0x00000000041a4000 	/System/Library/Frameworks/Accelerate.framework/Versions/A/Frameworks/vecLib.framework/Versions/A/libvMisc.dylib
0x00000000041a4000 	/System/Library/Frameworks/Accelerate.framework/Versions/A/Frameworks/vecLib.framework/Versions/A/libLAPACK.dylib
0x00000000041a4000 	/System/Library/Frameworks/Accelerate.framework/Versions/A/Frameworks/vecLib.framework/Versions/A/libBLAS.dylib
0x00000000041a4000 	/System/Library/Frameworks/Accelerate.framework/Versions/A/Frameworks/vecLib.framework/Versions/A/libLinearAlgebra.dylib
0x00000000041a4000 	/System/Library/Frameworks/Accelerate.framework/Versions/A/Frameworks/vecLib.framework/Versions/A/libSparseBLAS.dylib
0x00000000041a4000 	/System/Library/PrivateFrameworks/GPUCompiler.framework/libmetal_timestamp.dylib
0x00000000041a4000 	/System/Library/Frameworks/OpenGL.framework/Versions/A/Libraries/libCoreFSCache.dylib
0x00000000041a4000 	/System/Library/PrivateFrameworks/IOAccelerator.framework/Versions/A/IOAccelerator
0x00000000041a4000 	/System/Library/Frameworks/ApplicationServices.framework/Versions/A/Frameworks/ATS.framework/Versions/A/Resources/libFontParser.dylib
0x00000000041a4000 	/System/Library/Frameworks/ApplicationServices.framework/Versions/A/Frameworks/ATS.framework/Versions/A/Resources/libFontRegistry.dylib
0x00000000041a4000 	/System/Library/PrivateFrameworks/AppleVPA.framework/Versions/A/AppleVPA
0x00000000041a4000 	/System/Library/PrivateFrameworks/AppleJPEG.framework/Versions/A/AppleJPEG
0x00000000041a4000 	/System/Library/Frameworks/ImageIO.framework/Versions/A/Resources/libJPEG.dylib
0x00000000041a4000 	/System/Library/Frameworks/ImageIO.framework/Versions/A/Resources/libTIFF.dylib
0x00000000041a4000 	/System/Library/Frameworks/ImageIO.framework/Versions/A/Resources/libPng.dylib
0x00000000041a4000 	/System/Library/Frameworks/ImageIO.framework/Versions/A/Resources/libGIF.dylib
0x00000000041a4000 	/System/Library/Frameworks/ImageIO.framework/Versions/A/Resources/libJP2.dylib
0x00000000041a4000 	/System/Library/Frameworks/ImageIO.framework/Versions/A/Resources/libRadiance.dylib
0x00000000041a4000 	/System/Library/Frameworks/CoreVideo.framework/Versions/A/CoreVideo
0x00000000041a4000 	/System/Library/Frameworks/OpenGL.framework/Versions/A/Libraries/libGLU.dylib
0x00000000041a4000 	/System/Library/Frameworks/OpenGL.framework/Versions/A/Libraries/libGFXShared.dylib
0x00000000041a4000 	/System/Library/Frameworks/OpenGL.framework/Versions/A/Libraries/libGL.dylib
0x00000000041a4000 	/System/Library/Frameworks/OpenGL.framework/Versions/A/Libraries/libGLImage.dylib
0x00000000041a4000 	/System/Library/Frameworks/OpenGL.framework/Versions/A/Libraries/libCVMSPluginSupport.dylib
0x00000000041a4000 	/System/Library/Frameworks/OpenGL.framework/Versions/A/Libraries/libCoreVMClient.dylib
0x00000000041a4000 	/usr/lib/libcompression.dylib
0x00000000041a4000 	/usr/lib/libcups.2.dylib
0x00000000041a4000 	/System/Library/Frameworks/Kerberos.framework/Versions/A/Kerberos
0x00000000041a4000 	/System/Library/Frameworks/GSS.framework/Versions/A/GSS
0x00000000041a4000 	/usr/lib/libresolv.9.dylib
0x00000000041a4000 	/usr/lib/libiconv.2.dylib
0x00000000041a4000 	/System/Library/PrivateFrameworks/Heimdal.framework/Versions/A/Heimdal
0x00000000041a4000 	/usr/lib/libheimdal-asn1.dylib
0x00000000041a4000 	/System/Library/Frameworks/OpenDirectory.framework/Versions/A/OpenDirectory
0x00000000041a4000 	/System/Library/PrivateFrameworks/CommonAuth.framework/Versions/A/CommonAuth
0x00000000041a4000 	/System/Library/Frameworks/OpenDirectory.framework/Versions/A/Frameworks/CFOpenDirectory.framework/Versions/A/CFOpenDirectory
0x00000000041a4000 	/System/Library/Frameworks/SecurityFoundation.framework/Versions/A/SecurityFoundation
0x00000000041a4000 	/System/Library/PrivateFrameworks/LanguageModeling.framework/Versions/A/LanguageModeling
0x00000000041a4000 	/usr/lib/libmarisa.dylib
0x00000000041a4000 	/usr/lib/libChineseTokenizer.dylib
0x00000000041a4000 	/usr/lib/libcmph.dylib
0x00000000041a4000 	/System/Library/Frameworks/ServiceManagement.framework/Versions/A/ServiceManagement
0x00000000041a4000 	/usr/lib/libxslt.1.dylib
0x00000000041a4000 	/System/Library/Frameworks/Carbon.framework/Versions/A/Frameworks/Ink.framework/Versions/A/Ink
0x00000000041a4000 	/usr/lib/libFosl_dynamic.dylib
0x00000000041a4000 	/System/Library/PrivateFrameworks/FaceCore.framework/Versions/A/FaceCore
0x00000000041a4000 	/System/Library/Frameworks/OpenCL.framework/Versions/A/OpenCL
0x00000000041a4000 	/System/Library/PrivateFrameworks/CrashReporterSupport.framework/Versions/A/CrashReporterSupport
0x00000000041a4000 	/System/Library/PrivateFrameworks/IconServices.framework/Versions/A/IconServices
0x00000000041a4000 	/System/Library/PrivateFrameworks/Apple80211.framework/Versions/A/Apple80211
0x00000000041a4000 	/System/Library/Frameworks/CoreWLAN.framework/Versions/A/CoreWLAN
0x00000000041a4000 	/System/Library/Frameworks/IOBluetooth.framework/Versions/A/IOBluetooth
0x00000000041a4000 	/System/Library/PrivateFrameworks/CoreWiFi.framework/Versions/A/CoreWiFi
0x00000000041a4000 	/System/Library/Frameworks/CoreBluetooth.framework/Versions/A/CoreBluetooth
0x00000000041a4000 	/System/Library/PrivateFrameworks/ChunkingLibrary.framework/Versions/A/ChunkingLibrary
0x00000000041a4000 	/System/Library/PrivateFrameworks/DebugSymbols.framework/Versions/A/DebugSymbols
0x00000000041a4000 	/System/Library/PrivateFrameworks/CoreSymbolication.framework/Versions/A/CoreSymbolication
0x00000000041a4000 	/System/Library/PrivateFrameworks/Symbolication.framework/Versions/A/Symbolication
0x00000000041a4000 	/System/Library/PrivateFrameworks/SpeechRecognitionCore.framework/Versions/A/SpeechRecognitionCore
0x0000000104000000 	/Library/Java/JavaVirtualMachines/jdk1.7.0_79.jdk/Contents/Home/jre/lib/server/libjvm.dylib
0x0000000103720000 	/usr/lib/libstdc++.6.dylib
0x00000001037d7000 	/Library/Java/JavaVirtualMachines/jdk1.7.0_79.jdk/Contents/Home/jre/lib/libverify.dylib
0x0000000104a63000 	/Library/Java/JavaVirtualMachines/jdk1.7.0_79.jdk/Contents/Home/jre/lib/libjava.dylib
0x00000001037ee000 	/Library/Java/JavaVirtualMachines/jdk1.7.0_79.jdk/Contents/Home/jre/lib/libzip.dylib
0x000000010dc93000 	/System/Library/Frameworks/JavaVM.framework/Frameworks/JavaRuntimeSupport.framework/JavaRuntimeSupport
0x000000010dcae000 	/System/Library/Frameworks/JavaVM.framework/Versions/A/Frameworks/JavaNativeFoundation.framework/Versions/A/JavaNativeFoundation
0x000000010dcc3000 	/System/Library/Frameworks/JavaVM.framework/Versions/A/JavaVM
0x00000000041a4000 	/System/Library/Frameworks/Carbon.framework/Versions/A/Carbon
0x000000010dcd0000 	/System/Library/PrivateFrameworks/JavaLaunching.framework/Versions/A/JavaLaunching
0x00000000041a4000 	/System/Library/Frameworks/Carbon.framework/Versions/A/Frameworks/CommonPanels.framework/Versions/A/CommonPanels
0x00000000041a4000 	/System/Library/Frameworks/Carbon.framework/Versions/A/Frameworks/Help.framework/Versions/A/Help
0x00000000041a4000 	/System/Library/Frameworks/Carbon.framework/Versions/A/Frameworks/ImageCapture.framework/Versions/A/ImageCapture
0x00000000041a4000 	/System/Library/Frameworks/Carbon.framework/Versions/A/Frameworks/OpenScripting.framework/Versions/A/OpenScripting
0x00000000041a4000 	/System/Library/Frameworks/Carbon.framework/Versions/A/Frameworks/Print.framework/Versions/A/Print
0x00000000041a4000 	/System/Library/Frameworks/Carbon.framework/Versions/A/Frameworks/SecurityHI.framework/Versions/A/SecurityHI
0x000000010f9cf000 	/Library/Java/JavaVirtualMachines/jdk1.7.0_79.jdk/Contents/Home/jre/lib/libawt.dylib
0x000000010fb09000 	/Library/Java/JavaVirtualMachines/jdk1.7.0_79.jdk/Contents/Home/jre/lib/./libmlib_image.dylib
0x000000010fd38000 	/Library/Java/JavaVirtualMachines/jdk1.7.0_79.jdk/Contents/Home/jre/lib/lwawt/liblwawt.dylib
0x000000010f8f7000 	/Library/Java/JavaVirtualMachines/jdk1.7.0_79.jdk/Contents/Home/jre/lib/libosxapp.dylib
0x00000000041a4000 	/System/Library/Frameworks/ExceptionHandling.framework/Versions/A/ExceptionHandling
0x00000000041a4000 	/System/Library/PrivateFrameworks/CoreServicesInternal.framework/Versions/A/CoreServicesInternal
0x00000000041a4000 	/System/Library/Frameworks/CoreGraphics.framework/Versions/A/Resources/libRIP.A.dylib
0x000000010fce5000 	/System/Library/Frameworks/Accelerate.framework/Frameworks/vImage.framework/Versions/A/Libraries/libCGInterfaces.dylib
0x00000000041a4000 	/System/Library/Frameworks/CoreGraphics.framework/Versions/A/Resources/libCGXType.A.dylib
0x00000000041a4000 	/System/Library/Frameworks/OpenCL.framework/Versions/A/Libraries/libcldcpuengine.dylib
0x00000000041a4000 	/System/Library/PrivateFrameworks/DiskImages.framework/Versions/A/DiskImages
0x00000000041a4000 	/System/Library/Frameworks/DiscRecording.framework/Versions/A/DiscRecording
0x00000000041a4000 	/usr/lib/libcsfde.dylib
0x00000000041a4000 	/usr/lib/libcurl.4.dylib
0x00000000041a4000 	/System/Library/PrivateFrameworks/MediaKit.framework/Versions/A/MediaKit
0x00000000041a4000 	/System/Library/PrivateFrameworks/ProtectedCloudStorage.framework/Versions/A/ProtectedCloudStorage
0x00000000041a4000 	/usr/lib/libCoreStorage.dylib
0x00000000041a4000 	/System/Library/PrivateFrameworks/EFILogin.framework/Versions/A/EFILogin
0x00000000041a4000 	/usr/lib/libutil.dylib
0x00000000041a4000 	/System/Library/PrivateFrameworks/FindMyDevice.framework/Versions/A/FindMyDevice
0x00000000041a4000 	/System/Library/Frameworks/LDAP.framework/Versions/A/LDAP
0x00000000041a4000 	/usr/lib/libsasl2.2.dylib
0x00000000041a4000 	/System/Library/PrivateFrameworks/CoreDaemon.framework/Versions/B/CoreDaemon
0x00000000041a4000 	/usr/lib/libcrypto.0.9.8.dylib
0x00000000041a4000 	/System/Library/PrivateFrameworks/AppleSRP.framework/Versions/A/AppleSRP
0x00000000041a4000 	/System/Library/PrivateFrameworks/TrustEvaluationAgent.framework/Versions/A/TrustEvaluationAgent
0x000000010febe000 	cl_kernels
0x00000000041a4000 	/System/Library/Frameworks/OpenCL.framework/Versions/A/Libraries/ImageFormats/unorm8_bgra.dylib
0x00000000041a4000 	/System/Library/Frameworks/OpenCL.framework/Versions/A/Libraries/ImageFormats/unorm8_rgba.dylib
0x00000000041a4000 	/System/Library/PrivateFrameworks/FamilyControls.framework/Versions/A/FamilyControls
0x00000000041a4000 	/System/Library/PrivateFrameworks/CommerceKit.framework/Versions/A/Frameworks/CommerceCore.framework/Versions/A/CommerceCore
0x00000000041a4000 	/System/Library/PrivateFrameworks/SystemAdministration.framework/Versions/A/SystemAdministration
0x00000000041a4000 	/System/Library/PrivateFrameworks/AppContainer.framework/Versions/A/AppContainer
0x00000000041a4000 	/System/Library/PrivateFrameworks/SecCodeWrapper.framework/Versions/A/SecCodeWrapper
0x00000000041a4000 	/System/Library/Frameworks/DirectoryService.framework/Versions/A/DirectoryService
0x00000000041a4000 	/System/Library/PrivateFrameworks/LoginUIKit.framework/Versions/A/Frameworks/LoginUICore.framework/Versions/A/LoginUICore
0x00000000041a4000 	/usr/lib/libodfde.dylib
0x000000010ffab000 	/Library/Java/JavaVirtualMachines/jdk1.7.0_79.jdk/Contents/Home/jre/lib/libfontmanager.dylib
0x0000000110012000 	/Library/Java/JavaVirtualMachines/jdk1.7.0_79.jdk/Contents/Home/jre/lib/libosxui.dylib
0x000000011374b000 	/System/Library/Frameworks/OpenGL.framework/Resources/GLEngine.bundle/GLEngine
0x00000000041a4000 	/System/Library/Frameworks/OpenGL.framework/Versions/A/Libraries/libGLProgrammability.dylib
0x0000000113933000 	/System/Library/Extensions/AppleIntelBDWGraphicsGLDriver.bundle/Contents/MacOS/AppleIntelBDWGraphicsGLDriver
0x00000000041a4000 	/System/Library/PrivateFrameworks/GPUSupport.framework/Versions/A/Libraries/libGPUSupportMercury.dylib
0x00000001106e6000 	/System/Library/Frameworks/OpenGL.framework/Resources//GLRendererFloat.bundle/GLRendererFloat
0x0000000114d6b000 	/Library/Java/JavaVirtualMachines/jdk1.7.0_79.jdk/Contents/Home/jre/lib/libnet.dylib
0x0000000114d81000 	/Library/Java/JavaVirtualMachines/jdk1.7.0_79.jdk/Contents/Home/jre/lib/libnio.dylib
0x0000000115024000 	/Library/Java/JavaVirtualMachines/jdk1.7.0_79.jdk/Contents/Home/jre/lib/libdcpr.dylib
0x0000000118e4b000 	/System/Library/Extensions/AppleIntelBDWGraphicsMTLDriver.bundle/Contents/MacOS/AppleIntelBDWGraphicsMTLDriver

VM Arguments:
jvm_args: -Dfile.encoding=UTF-8 -Xbootclasspath/p:/Users/Elise/.p2/pool/plugins/org.scala-lang.scala-library_2.11.7.v20150622-112736-1fbce4612c.jar:/Users/Elise/.p2/pool/plugins/org.scala-lang.scala-reflect_2.11.7.v20150622-112736-1fbce4612c.jar:/Users/Elise/.p2/pool/plugins/org.scala-lang.scala-actors_2.11.7.v20150622-112736-1fbce4612c.jar 
java_command: TopDownTest
Launcher Type: SUN_STANDARD

Environment Variables:
PATH=/usr/bin:/bin:/usr/sbin:/sbin
SHELL=/bin/bash
DISPLAY=/private/tmp/com.apple.launchd.B6k4T8T2ed/org.macosforge.xquartz:0

Signal Handlers:
SIGSEGV: [libjvm.dylib+0x52daf1], sa_mask[0]=0xfffefeff, sa_flags=0x00000043
SIGBUS: [libjvm.dylib+0x52daf1], sa_mask[0]=0xfffefeff, sa_flags=0x00000042
SIGFPE: [libjvm.dylib+0x41f34e], sa_mask[0]=0xfffefeff, sa_flags=0x00000042
SIGPIPE: [libjvm.dylib+0x41f34e], sa_mask[0]=0xfffefeff, sa_flags=0x00000042
SIGXFSZ: [libjvm.dylib+0x41f34e], sa_mask[0]=0xfffefeff, sa_flags=0x00000042
SIGILL: [libjvm.dylib+0x41f34e], sa_mask[0]=0xfffefeff, sa_flags=0x00000042
SIGUSR1: SIG_DFL, sa_mask[0]=0x00000000, sa_flags=0x00000000
SIGUSR2: [libjvm.dylib+0x41ee40], sa_mask[0]=0x00000004, sa_flags=0x00000042
SIGHUP: [libjvm.dylib+0x41d0d1], sa_mask[0]=0xfffefeff, sa_flags=0x00000042
SIGINT: [libjvm.dylib+0x41d0d1], sa_mask[0]=0xfffefeff, sa_flags=0x00000042
SIGTERM: [libjvm.dylib+0x41d0d1], sa_mask[0]=0xfffefeff, sa_flags=0x00000042
SIGQUIT: [libjvm.dylib+0x41d0d1], sa_mask[0]=0xfffefeff, sa_flags=0x00000042


---------------  S Y S T E M  ---------------

OS:Bsduname:Darwin 15.6.0 Darwin Kernel Version 15.6.0: Thu Jun 23 18:25:34 PDT 2016; root:xnu-3248.60.10~1/RELEASE_X86_64 x86_64
rlimit: STACK 8192k, CORE 0k, NPROC 709, NOFILE 10240, AS infinity
load average:1.89 2.41 2.55

CPU:total 4 (2 cores per cpu, 2 threads per core) family 6 model 61 stepping 4, cmov, cx8, fxsr, mmx, sse, sse2, sse3, ssse3, sse4.1, sse4.2, popcnt, avx, avx2, aes, erms, ht, tsc, tscinvbit

Memory: 4k page, physical 8388608k(2097152k free)

/proc/meminfo:


vm_info: Java HotSpot(TM) 64-Bit Server VM (24.79-b02) for bsd-amd64 JRE (1.7.0_79-b15), built on Apr 10 2015 11:35:04 by "java_re" with gcc 4.2.1 (Based on Apple Inc. build 5658) (LLVM build 2336.11.00)

time: Mon Jan  9 17:26:01 2017
elapsed time: 10599 seconds

